\BOOKMARK [-1][-]{part.1}{\376\377\000I\000\040\000U\000m\000f\000e\000l\000d\000\040\000u\000n\000d\000\040\000A\000b\000l\000a\000u\000f}{}% 1
\BOOKMARK [0][-]{chapter.1}{\376\377\000A\000u\000f\000g\000a\000b\000e\000n\000s\000t\000e\000l\000l\000u\000n\000g}{part.1}% 2
\BOOKMARK [1][-]{section.1.1}{\376\377\000A\000u\000s\000g\000a\000n\000g\000s\000l\000a\000g\000e}{chapter.1}% 3
\BOOKMARK [1][-]{section.1.2}{\376\377\000D\000e\000t\000a\000i\000l\000l\000i\000e\000r\000t\000e\000\040\000A\000u\000f\000g\000a\000b\000e\000n\000s\000t\000e\000l\000l\000u\000n\000g}{chapter.1}% 4
\BOOKMARK [1][-]{section.1.3}{\376\377\000M\000i\000t\000t\000e\000l\000\040\000u\000n\000d\000\040\000M\000e\000t\000h\000o\000d\000e\000n}{chapter.1}% 5
\BOOKMARK [1][-]{section.1.4}{\376\377\000V\000o\000r\000k\000e\000n\000n\000t\000n\000i\000s\000s\000e}{chapter.1}% 6
\BOOKMARK [1][-]{section.1.5}{\376\377\000V\000o\000r\000a\000r\000b\000e\000i\000t\000e\000n}{chapter.1}% 7
\BOOKMARK [1][-]{section.1.6}{\376\377\000N\000e\000u\000e\000\040\000L\000e\000r\000n\000i\000n\000h\000a\000l\000t\000e}{chapter.1}% 8
\BOOKMARK [1][-]{section.1.7}{\376\377\000A\000r\000b\000e\000i\000t\000e\000n\000\040\000i\000n\000\040\000d\000e\000n\000\040\000l\000e\000t\000z\000t\000e\000n\000\040\0006\000\040\000M\000o\000n\000a\000t\000e\000n}{chapter.1}% 9
\BOOKMARK [0][-]{chapter.2}{\376\377\000P\000r\000o\000j\000e\000k\000t\000a\000u\000f\000b\000a\000u\000o\000r\000g\000a\000n\000i\000s\000a\000t\000i\000o\000n}{part.1}% 10
\BOOKMARK [0][-]{chapter.3}{\376\377\000A\000r\000b\000e\000i\000t\000s\000u\000m\000g\000e\000b\000u\000n\000g}{part.1}% 11
\BOOKMARK [1][-]{section.3.1}{\376\377\000A\000r\000b\000e\000i\000t\000s\000p\000l\000a\000t\000z}{chapter.3}% 12
\BOOKMARK [2][-]{subsection.3.1.1}{\376\377\000O\000f\000f\000i\000c\000e\000\040\000A\000r\000b\000e\000i\000t\000s\000p\000l\000a\000t\000z}{section.3.1}% 13
\BOOKMARK [1][-]{section.3.2}{\376\377\000V\000e\000r\000w\000e\000n\000d\000e\000t\000e\000\040\000T\000o\000o\000l\000s}{chapter.3}% 14
\BOOKMARK [0][-]{chapter.4}{\376\377\000V\000e\000r\000s\000i\000o\000n\000i\000e\000r\000u\000n\000g\000\040\000u\000n\000d\000\040\000S\000i\000c\000h\000e\000r\000u\000n\000g\000\040\000d\000e\000r\000\040\000A\000r\000b\000e\000i\000t\000s\000e\000r\000g\000e\000b\000n\000i\000s\000s\000e}{part.1}% 15
\BOOKMARK [1][-]{section.4.1}{\376\377\000V\000e\000r\000w\000e\000n\000d\000u\000n\000g\000\040\000v\000o\000n\000\040\000G\000i\000t\000\040\000z\000u\000\040\000V\000e\000r\000s\000i\000o\000n\000i\000e\000r\000u\000n\000g}{chapter.4}% 16
\BOOKMARK [1][-]{section.4.2}{\376\377\000Q\000u\000e\000l\000l\000c\000o\000d\000e}{chapter.4}% 17
\BOOKMARK [1][-]{section.4.3}{\376\377\000P\000r\000o\000b\000e\000-\000I\000P\000A\000\040\000D\000o\000k\000u\000m\000e\000n\000t\000a\000t\000i\000o\000n}{chapter.4}% 18
\BOOKMARK [0][-]{chapter.5}{\376\377\000P\000r\000o\000j\000e\000k\000t\000m\000a\000n\000a\000g\000e\000m\000e\000n\000t\000m\000e\000t\000h\000o\000d\000e}{part.1}% 19
\BOOKMARK [1][-]{section.5.1}{\376\377\000I\000P\000E\000R\000K\000A}{chapter.5}% 20
\BOOKMARK [1][-]{section.5.2}{\376\377\000A\000l\000t\000e\000r\000n\000a\000t\000i\000v\000e\000\040\000M\000e\000t\000h\000o\000d\000e}{chapter.5}% 21
\BOOKMARK [0][-]{chapter.6}{\376\377\000Z\000e\000i\000t\000p\000l\000a\000n}{part.1}% 22
\BOOKMARK [0][-]{chapter.7}{\376\377\000A\000r\000b\000e\000i\000t\000s\000p\000r\000o\000t\000o\000k\000o\000l\000l}{part.1}% 23
\BOOKMARK [-1][-]{part.2}{\376\377\000I\000I\000\040\000P\000r\000o\000j\000e\000k\000t}{}% 24
\BOOKMARK [0][-]{chapter.8}{\376\377\000K\000u\000r\000z\000f\000a\000s\000s\000u\000n\000g}{part.2}% 25
\BOOKMARK [1][-]{section.8.1}{\376\377\000A\000u\000s\000g\000a\000n\000g\000s\000s\000i\000t\000u\000a\000t\000i\000o\000n}{chapter.8}% 26
\BOOKMARK [1][-]{section.8.2}{\376\377\000U\000m\000s\000e\000t\000z\000u\000n\000g}{chapter.8}% 27
\BOOKMARK [1][-]{section.8.3}{\376\377\000E\000r\000g\000e\000b\000n\000i\000s}{chapter.8}% 28
\BOOKMARK [0][-]{chapter.9}{\376\377\000I\000n\000f\000o\000r\000m\000i\000e\000r\000e\000n}{part.2}% 29
\BOOKMARK [1][-]{section.9.1}{\376\377\000P\000r\000o\000j\000e\000k\000t\000u\000m\000f\000e\000l\000d}{chapter.9}% 30
\BOOKMARK [2][-]{subsection.9.1.1}{\376\377\000E\000i\000n\000s\000a\000t\000z\000z\000w\000e\000c\000k}{section.9.1}% 31
\BOOKMARK [2][-]{subsection.9.1.2}{\376\377\000F\000u\000n\000k\000t\000i\000o\000n}{section.9.1}% 32
\BOOKMARK [1][-]{section.9.2}{\376\377\000A\000n\000f\000o\000r\000d\000e\000r\000u\000n\000g\000e\000n}{chapter.9}% 33
\BOOKMARK [2][-]{subsection.9.2.1}{\376\377\000M\000i\000n\000i\000m\000a\000l\000a\000n\000f\000o\000r\000d\000e\000r\000u\000n\000g\000e\000n}{section.9.2}% 34
\BOOKMARK [2][-]{subsection.9.2.2}{\376\377\000E\000r\000w\000e\000i\000t\000e\000r\000u\000n\000g\000:\000\040\000P\000a\000g\000i\000n\000a\000t\000i\000o\000n}{section.9.2}% 35
\BOOKMARK [2][-]{subsection.9.2.3}{\376\377\000E\000r\000w\000e\000i\000t\000e\000r\000u\000n\000g\000:\000\040\000F\000i\000l\000t\000e\000r}{section.9.2}% 36
\BOOKMARK [0][-]{chapter.10}{\376\377\000P\000l\000a\000n\000e\000n}{part.2}% 37
\BOOKMARK [1][-]{section.10.1}{\376\377\000A\000r\000b\000e\000i\000t\000s\000p\000a\000k\000e\000t\000e}{chapter.10}% 38
\BOOKMARK [2][-]{subsection.10.1.1}{\376\377\000I\000n\000f\000o\000r\000m\000i\000e\000r\000e\000n}{section.10.1}% 39
\BOOKMARK [2][-]{subsection.10.1.2}{\376\377\000P\000l\000a\000n\000e\000n}{section.10.1}% 40
\BOOKMARK [2][-]{subsection.10.1.3}{\376\377\000E\000n\000t\000s\000c\000h\000e\000i\000d\000e\000n}{section.10.1}% 41
\BOOKMARK [2][-]{subsection.10.1.4}{\376\377\000R\000e\000a\000l\000i\000s\000i\000e\000r\000e\000n}{section.10.1}% 42
\BOOKMARK [2][-]{subsection.10.1.5}{\376\377\000K\000o\000n\000t\000r\000o\000l\000l\000i\000e\000r\000e\000n}{section.10.1}% 43
\BOOKMARK [2][-]{subsection.10.1.6}{\376\377\000A\000u\000s\000w\000e\000r\000t\000e\000n}{section.10.1}% 44
\BOOKMARK [2][-]{subsection.10.1.7}{\376\377\000R\000a\000h\000m\000e\000n\000a\000u\000f\000g\000a\000b\000e\000n}{section.10.1}% 45
\BOOKMARK [1][-]{section.10.2}{\376\377\000L\000\366\000s\000u\000n\000g\000s\000k\000o\000n\000z\000e\000p\000t\000\040\000f\000\374\000r\000\040\000d\000i\000e\000\040\000S\000t\000r\000u\000k\000t\000u\000r\000\040\000v\000o\000m\000\040\000B\000a\000c\000k\000e\000n\000d}{chapter.10}% 46
\BOOKMARK [2][-]{subsection.10.2.1}{\376\377\000E\000r\000s\000t\000e\000l\000l\000u\000n\000g\000\040\000d\000e\000r\000\040\000E\000n\000d\000p\000u\000n\000k\000t\000e}{section.10.2}% 47
\BOOKMARK [3][-]{subsubsection.10.2.1.1}{\376\377\000D\000A\000O\000-\000K\000l\000a\000s\000s\000e\000n}{subsection.10.2.1}% 48
\BOOKMARK [3][-]{subsubsection.10.2.1.2}{\376\377\000K\000l\000a\000s\000s\000e\000n\000d\000i\000a\000g\000r\000a\000m\000m\000\040\000f\000\374\000r\000\040\000d\000a\000s\000\040\000B\000a\000c\000k\000e\000n\000d}{subsection.10.2.1}% 49
\BOOKMARK [2][-]{subsection.10.2.2}{\376\377\000V\000e\000r\000w\000e\000n\000d\000e\000t\000e\000\040\000T\000e\000c\000h\000n\000o\000l\000o\000g\000i\000e\000n}{section.10.2}% 50
\BOOKMARK [1][-]{section.10.3}{\376\377\000L\000\366\000s\000u\000n\000g\000s\000k\000o\000n\000z\000e\000p\000t\000\040\000f\000\374\000r\000\040\000d\000i\000e\000\040\000S\000t\000r\000u\000k\000t\000u\000r\000\040\000v\000o\000m\000\040\000F\000r\000o\000n\000t\000e\000n\000d}{chapter.10}% 51
\BOOKMARK [2][-]{subsection.10.3.1}{\376\377\000B\000e\000s\000t\000e\000h\000e\000n\000d\000e\000\040\000I\000m\000p\000l\000e\000m\000e\000n\000t\000a\000t\000i\000o\000n\000e\000n}{section.10.3}% 52
\BOOKMARK [2][-]{subsection.10.3.2}{\376\377\000N\000e\000u\000e\000\040\000I\000m\000p\000l\000e\000m\000e\000n\000t\000a\000t\000i\000o\000n\000e\000n}{section.10.3}% 53
\BOOKMARK [2][-]{subsection.10.3.3}{\376\377\000V\000e\000r\000w\000e\000n\000d\000e\000t\000e\000\040\000T\000e\000c\000h\000n\000o\000l\000o\000g\000i\000e\000n}{section.10.3}% 54
\BOOKMARK [1][-]{section.10.4}{\376\377\000E\000n\000t\000s\000c\000h\000e\000i\000d\000u\000n\000g\000\040\000d\000e\000r\000\040\000E\000r\000w\000e\000i\000t\000e\000r\000u\000n\000g}{chapter.10}% 55
\BOOKMARK [2][-]{subsection.10.4.1}{\376\377\000P\000a\000g\000i\000n\000a\000t\000i\000o\000n}{section.10.4}% 56
\BOOKMARK [2][-]{subsection.10.4.2}{\376\377\000F\000i\000l\000t\000e\000r}{section.10.4}% 57
\BOOKMARK [2][-]{subsection.10.4.3}{\376\377\000E\000n\000t\000s\000c\000h\000e\000i\000d}{section.10.4}% 58
\BOOKMARK [1][-]{section.10.5}{\376\377\000L\000\366\000s\000u\000n\000g\000s\000k\000o\000n\000z\000e\000p\000t\000\040\000f\000\374\000r\000\040\000d\000i\000e\000\040\000S\000t\000r\000u\000k\000t\000u\000r\000\040\000v\000o\000m\000\040\000F\000i\000l\000t\000e\000r}{chapter.10}% 59
\BOOKMARK [2][-]{subsection.10.5.1}{\376\377\000B\000e\000s\000t\000e\000h\000e\000n\000d\000e\000\040\000I\000m\000p\000l\000e\000m\000e\000n\000t\000a\000t\000i\000o\000n}{section.10.5}% 60
\BOOKMARK [2][-]{subsection.10.5.2}{\376\377\000N\000e\000u\000e\000\040\000I\000m\000p\000l\000e\000m\000e\000n\000t\000a\000t\000i\000o\000n\000e\000n}{section.10.5}% 61
\BOOKMARK [3][-]{subsubsection.10.5.2.1}{\376\377\000M\000Q\000\137\000I\000N\000\137\000S\000T\000A\000T\000U\000S}{subsection.10.5.2}% 62
\BOOKMARK [2][-]{subsection.10.5.3}{\376\377\000B\000e\000g\000r\000i\000f\000f\000e\000\040\000i\000m\000\040\000N\000a\000c\000h\000r\000i\000c\000h\000t\000e\000n\000\040\000I\000n\000h\000a\000l\000t\000\040\000F\000i\000l\000t\000e\000r\000n}{section.10.5}% 63
\BOOKMARK [2][-]{subsection.10.5.4}{\376\377\000S\000e\000q\000u\000e\000n\000z\000d\000i\000a\000g\000r\000a\000m\000m\000\040\000f\000\374\000r\000\040\000d\000i\000e\000\040\000E\000r\000w\000e\000i\000t\000e\000r\000u\000n\000g\000\040\000F\000i\000l\000t\000e\000r}{section.10.5}% 64
\BOOKMARK [1][-]{section.10.6}{\376\377\000T\000e\000s\000t\000k\000o\000n\000z\000e\000p\000t}{chapter.10}% 65
\BOOKMARK [2][-]{subsection.10.6.1}{\376\377\000B\000e\000n\000\366\000t\000i\000g\000t\000e\000\040\000T\000e\000s\000t\000m\000i\000t\000t\000e\000l}{section.10.6}% 66
\BOOKMARK [2][-]{subsection.10.6.2}{\376\377\000A\000u\000t\000o\000m\000a\000t\000i\000s\000i\000e\000r\000t\000e\000\040\000T\000e\000s\000t\000s}{section.10.6}% 67
\BOOKMARK [1][-]{section.10.7}{\376\377\000M\000a\000n\000u\000e\000l\000l\000e\000\040\000T\000e\000s\000t\000s}{chapter.10}% 68
\BOOKMARK [1][-]{section.10.8}{\376\377\000T\000e\000s\000t\000f\000\344\000l\000l\000e}{chapter.10}% 69
\BOOKMARK [2][-]{subsection.10.8.1}{\376\377\000T\000e\000s\000t\000f\000\344\000l\000l\000e\000\040\000d\000e\000r\000\040\000M\000i\000n\000d\000e\000s\000t\000a\000n\000f\000o\000r\000d\000e\000r\000u\000n\000g\000e\000n}{section.10.8}% 70
\BOOKMARK [2][-]{subsection.10.8.2}{\376\377\000T\000e\000s\000t\000f\000\344\000l\000l\000e\000\040\000d\000e\000r\000\040\000E\000r\000w\000e\000i\000t\000e\000r\000u\000n\000g\000\040\000F\000i\000l\000t\000e\000r}{section.10.8}% 71
\BOOKMARK [0][-]{chapter.11}{\376\377\000E\000n\000t\000s\000c\000h\000e\000i\000d\000e\000n}{part.2}% 72
\BOOKMARK [1][-]{section.11.1}{\376\377\000F\000i\000l\000t\000e\000r\000u\000n\000g\000\040\000d\000e\000r\000\040\000D\000a\000t\000e\000n\000\040\000a\000u\000f\000\040\000d\000e\000m\000\040\000S\000e\000r\000v\000e\000r}{chapter.11}% 73
\BOOKMARK [2][-]{subsection.11.1.1}{\376\377\000V\000o\000r\000t\000e\000i\000l\000e}{section.11.1}% 74
\BOOKMARK [2][-]{subsection.11.1.2}{\376\377\000N\000a\000c\000h\000t\000e\000i\000l\000e}{section.11.1}% 75
\BOOKMARK [1][-]{section.11.2}{\376\377\000F\000i\000l\000t\000e\000r\000u\000n\000g\000\040\000d\000e\000r\000\040\000D\000a\000t\000e\000n\000\040\000a\000u\000f\000\040\000d\000e\000r\000\040\000D\000a\000t\000e\000n\000b\000a\000n\000k}{chapter.11}% 76
\BOOKMARK [2][-]{subsection.11.2.1}{\376\377\000V\000o\000r\000t\000e\000i\000l\000e}{section.11.2}% 77
\BOOKMARK [2][-]{subsection.11.2.2}{\376\377\000N\000a\000c\000h\000t\000e\000i\000l\000e}{section.11.2}% 78
\BOOKMARK [1][-]{section.11.3}{\376\377\000E\000n\000t\000s\000c\000h\000e\000i\000d\000u\000n\000g}{chapter.11}% 79
\BOOKMARK [0][-]{chapter.12}{\376\377\000R\000e\000a\000l\000i\000s\000i\000e\000r\000e\000n}{part.2}% 80
\BOOKMARK [1][-]{section.12.1}{\376\377\000E\000n\000d\000p\000o\000i\000n\000t\000s\000\040\000f\000\374\000r\000\040\000d\000i\000e\000\040\000M\000i\000n\000d\000e\000s\000t\000a\000n\000f\000o\000r\000d\000e\000r\000u\000n\000g\000e\000n\000\040\000e\000r\000s\000t\000e\000l\000l\000e\000n}{chapter.12}% 81
\BOOKMARK [2][-]{subsection.12.1.1}{\376\377\000M\000q\000I\000n\000D\000T\000O}{section.12.1}% 82
\BOOKMARK [2][-]{subsection.12.1.2}{\376\377\000M\000q\000I\000n\000M\000a\000p\000p\000e\000r}{section.12.1}% 83
\BOOKMARK [2][-]{subsection.12.1.3}{\376\377\000M\000q\000I\000n\000S\000e\000r\000v\000i\000c\000e}{section.12.1}% 84
\BOOKMARK [2][-]{subsection.12.1.4}{\376\377\000M\000q\000I\000n\000S\000e\000r\000v\000i\000c\000e\000I\000m\000p\000l}{section.12.1}% 85
\BOOKMARK [2][-]{subsection.12.1.5}{\376\377\000M\000q\000T\000a\000b\000l\000e\000D\000a\000o}{section.12.1}% 86
\BOOKMARK [2][-]{subsection.12.1.6}{\376\377\000M\000q\000T\000a\000b\000l\000e\000H\000i\000b\000e\000r\000n\000a\000t\000e\000D\000a\000o}{section.12.1}% 87
\BOOKMARK [2][-]{subsection.12.1.7}{\376\377\000M\000q\000I\000n\000R\000e\000s\000o\000u\000r\000c\000e}{section.12.1}% 88
\BOOKMARK [1][-]{section.12.2}{\376\377\000D\000i\000e\000\040\000S\000e\000i\000t\000e\000\040\000u\000n\000d\000\040\000T\000a\000b\000e\000l\000l\000e\000\040\000i\000m\000\040\000F\000r\000o\000n\000t\000e\000n\000d\000\040\000e\000r\000s\000t\000e\000l\000l\000e\000n}{chapter.12}% 89
\BOOKMARK [2][-]{subsection.12.2.1}{\376\377\000E\000r\000s\000t\000e\000l\000l\000u\000n\000g\000\040\000d\000e\000r\000\040\000T\000a\000b\000e\000l\000l\000e}{section.12.2}% 90
\BOOKMARK [2][-]{subsection.12.2.2}{\376\377\000A\000n\000z\000e\000i\000g\000e\000n\000\040\000d\000e\000r\000\040\000g\000a\000n\000z\000e\000n\000\040\000N\000a\000c\000h\000r\000i\000c\000h\000t}{section.12.2}% 91
\BOOKMARK [2][-]{subsection.12.2.3}{\376\377\000E\000r\000n\000e\000u\000t\000e\000s\000\040\000A\000u\000s\000f\000\374\000h\000r\000e\000n\000\040\000v\000o\000m\000\040\000V\000e\000r\000a\000r\000b\000e\000i\000t\000u\000n\000g\000s\000v\000e\000r\000s\000u\000c\000h}{section.12.2}% 92
\BOOKMARK [1][-]{section.12.3}{\376\377\000E\000n\000d\000p\000o\000i\000n\000t\000s\000\040\000f\000\374\000r\000\040\000d\000i\000e\000\040\000E\000r\000w\000e\000i\000t\000e\000r\000u\000n\000g\000\040\000F\000i\000l\000t\000e\000r\000\040\000e\000r\000s\000t\000e\000l\000l\000e\000n}{chapter.12}% 93
\BOOKMARK [2][-]{subsection.12.3.1}{\376\377\000M\000q\000I\000n\000F\000i\000l\000t\000e\000r\000D\000t\000o}{section.12.3}% 94
\BOOKMARK [2][-]{subsection.12.3.2}{\376\377\000M\000q\000I\000n\000S\000e\000r\000v\000i\000c\000e}{section.12.3}% 95
\BOOKMARK [2][-]{subsection.12.3.3}{\376\377\000M\000q\000I\000n\000S\000e\000r\000v\000i\000c\000e\000I\000m\000p\000l}{section.12.3}% 96
\BOOKMARK [2][-]{subsection.12.3.4}{\376\377\000M\000q\000T\000a\000b\000l\000e\000D\000a\000o}{section.12.3}% 97
\BOOKMARK [2][-]{subsection.12.3.5}{\376\377\000M\000q\000T\000a\000b\000l\000e\000H\000i\000b\000e\000r\000n\000a\000t\000e\000D\000a\000o}{section.12.3}% 98
\BOOKMARK [2][-]{subsection.12.3.6}{\376\377\000M\000q\000I\000n\000R\000e\000s\000o\000u\000r\000c\000e}{section.12.3}% 99
\BOOKMARK [1][-]{section.12.4}{\376\377\000D\000i\000e\000\040\000E\000r\000w\000e\000i\000t\000e\000r\000u\000n\000g\000\040\000i\000n\000\040\000d\000i\000e\000\040\000T\000a\000b\000e\000l\000l\000e\000\040\000i\000n\000t\000e\000g\000r\000i\000e\000r\000e\000n}{chapter.12}% 100
\BOOKMARK [2][-]{subsection.12.4.1}{\376\377\000m\000q\000-\000i\000n\000-\000f\000i\000l\000t\000e\000r\000-\000u\000r\000l}{section.12.4}% 101
\BOOKMARK [2][-]{subsection.12.4.2}{\376\377\000m\000q\000-\000i\000n\000-\000f\000i\000l\000t\000e\000r\000.\000c\000o\000m\000p\000o\000n\000e\000n\000t}{section.12.4}% 102
\BOOKMARK [2][-]{subsection.12.4.3}{\376\377\000F\000e\000h\000l\000e\000r\000b\000e\000s\000c\000h\000r\000e\000i\000b\000u\000n\000g}{section.12.4}% 103
\BOOKMARK [1][-]{section.12.5}{\376\377\000R\000e\000l\000e\000a\000s\000e\000N\000o\000t\000e\000s\000\040\000s\000c\000h\000r\000e\000i\000b\000e\000n}{chapter.12}% 104
\BOOKMARK [0][-]{chapter.13}{\376\377\000K\000o\000n\000t\000r\000o\000l\000l\000i\000e\000r\000e\000n}{part.2}% 105
\BOOKMARK [1][-]{section.13.1}{\376\377\000A\000l\000l\000g\000e\000m\000e\000i\000n}{chapter.13}% 106
\BOOKMARK [1][-]{section.13.2}{\376\377\000I\000n\000t\000e\000g\000r\000a\000t\000i\000o\000n\000-\000T\000e\000s\000t\000s}{chapter.13}% 107
\BOOKMARK [2][-]{subsection.13.2.1}{\376\377\000t\000e\000s\000t\000G\000e\000t\000A\000l\000l\000M\000q\000I\000n\000s}{section.13.2}% 108
\BOOKMARK [2][-]{subsection.13.2.2}{\376\377\000t\000e\000s\000t\000E\000x\000e\000c\000u\000t\000e\000N\000e\000w\000P\000r\000o\000c\000e\000s\000s\000i\000n\000g\000A\000t\000t\000e\000m\000p\000t}{section.13.2}% 109
\BOOKMARK [2][-]{subsection.13.2.3}{\376\377\000t\000e\000s\000t\000G\000e\000t\000F\000i\000l\000t\000e\000r\000e\000d\000M\000q\000I\000n\000E\000n\000t\000r\000i\000e\000s}{section.13.2}% 110
\BOOKMARK [1][-]{section.13.3}{\376\377\000U\000n\000i\000t\000-\000T\000e\000s\000t\000s}{chapter.13}% 111
\BOOKMARK [2][-]{subsection.13.3.1}{\376\377\000t\000e\000s\000t\000M\000a\000p\000p\000i\000n\000g\000W\000i\000t\000h\000S\000i\000n\000g\000l\000e\000P\000C}{section.13.3}% 112
\BOOKMARK [2][-]{subsection.13.3.2}{\376\377\000t\000e\000s\000t\000M\000a\000p\000p\000i\000n\000g\000W\000i\000t\000h\000M\000u\000l\000t\000i\000p\000l\000e\000P\000C\000s}{section.13.3}% 113
\BOOKMARK [2][-]{subsection.13.3.3}{\376\377\000t\000e\000s\000t\000M\000a\000p\000p\000i\000n\000g\000O\000f\000M\000q\000I\000n\000F\000i\000l\000t\000e\000r\000D\000t\000o}{section.13.3}% 114
\BOOKMARK [1][-]{section.13.4}{\376\377\000C\000o\000d\000e\000q\000u\000a\000l\000i\000t\000\344\000t\000\040\000p\000r\000\374\000f\000e\000n}{chapter.13}% 115
\BOOKMARK [2][-]{subsection.13.4.1}{\376\377\000V\000e\000r\000l\000a\000u\000f\000\040\000d\000e\000r\000\040\000P\000r\000\374\000f\000u\000n\000g\000\040\000v\000o\000n\000\040\000d\000e\000r\000\040\000C\000o\000d\000e\000q\000u\000a\000l\000i\000t\000\344\000t}{section.13.4}% 116
\BOOKMARK [2][-]{subsection.13.4.2}{\376\377\000F\000a\000l\000s\000c\000h\000e\000r\000\040\000R\000\374\000c\000k\000g\000a\000b\000e\000w\000e\000r\000t\000\040\000b\000e\000i\000\040\000s\000e\000t\000M\000q\000I\000n\000S\000t\000a\000t\000u\000s\000T\000o\000N\000e\000w}{section.13.4}% 117
\BOOKMARK [2][-]{subsection.13.4.3}{\376\377\000J\000U\000n\000i\000t\000-\000T\000e\000s\000t\000\040\000K\000l\000a\000s\000s\000e\000n\000\040\000m\000\374\000s\000s\000e\000n\000\040\000f\000i\000n\000a\000l\000\040\000s\000e\000i\000n}{section.13.4}% 118
\BOOKMARK [2][-]{subsection.13.4.4}{\376\377\000L\000o\000c\000a\000l\000D\000a\000t\000e\000T\000i\000m\000e\000\040\000/\000\040\000-\000M\000i\000l\000l\000i\000s\000.\000c\000l\000a\000s\000s}{section.13.4}% 119
\BOOKMARK [2][-]{subsection.13.4.5}{\376\377\000M\000q\000I\000n\000M\000o\000c\000k\000s}{section.13.4}% 120
\BOOKMARK [0][-]{chapter.14}{\376\377\000A\000u\000s\000w\000e\000r\000t\000e\000n}{part.2}% 121
\BOOKMARK [1][-]{section.14.1}{\376\377\000P\000r\000o\000j\000e\000k\000t\000m\000a\000n\000a\000g\000e\000m\000e\000n\000t}{chapter.14}% 122
\BOOKMARK [1][-]{section.14.2}{\376\377\000Z\000e\000i\000t\000m\000a\000n\000a\000g\000e\000m\000e\000n\000t}{chapter.14}% 123
\BOOKMARK [1][-]{section.14.3}{\376\377\000A\000r\000b\000e\000i\000t\000s\000p\000r\000o\000z\000e\000s\000s}{chapter.14}% 124
\BOOKMARK [1][-]{section.14.4}{\376\377\000E\000r\000g\000e\000b\000n\000i\000s\000s\000e\000\040\000d\000e\000r\000\040\000P\000r\000o\000b\000e\000-\000I\000P\000A}{chapter.14}% 125
\BOOKMARK [1][-]{section.14.5}{\376\377\000S\000c\000h\000l\000u\000s\000s\000w\000o\000r\000t}{chapter.14}% 126
\BOOKMARK [0][-]{section*.15}{\376\377\000G\000l\000o\000s\000s\000a\000r}{part.2}% 127
\BOOKMARK [0][-]{section*.17}{\376\377\000A\000b\000b\000i\000l\000d\000u\000n\000g\000s\000v\000e\000r\000z\000e\000i\000c\000h\000n\000i\000s}{part.2}% 128
\BOOKMARK [0][-]{chapter*.18}{\376\377\000Q\000u\000e\000l\000l\000e\000n\000v\000e\000r\000z\000e\000i\000c\000h\000n\000i\000s}{part.2}% 129
