This is pdfTeX, Version 3.141592653-2.6-1.40.26 (TeX Live 2024) (preloaded format=pdflatex 2024.8.9)  21 NOV 2024 17:11
entering extended mode
 restricted \write18 enabled.
 %&-line parsing enabled.
**main.tex
(./main.tex
LaTeX2e <2024-06-01> patch level 2
L3 programming layer <2024-07-20>
(c:/texlive/2024/texmf-dist/tex/latex/base/report.cls
Document Class: report 2024/02/08 v1.4n Standard LaTeX document class
(c:/texlive/2024/texmf-dist/tex/latex/base/size11.clo
File: size11.clo 2024/02/08 v1.4n Standard LaTeX file (size option)
)
\c@part=\count194
\c@chapter=\count195
\c@section=\count196
\c@subsection=\count197
\c@subsubsection=\count198
\c@paragraph=\count199
\c@subparagraph=\count266
\c@figure=\count267
\c@table=\count268
\abovecaptionskip=\skip49
\belowcaptionskip=\skip50
\bibindent=\dimen141
)
(c:/texlive/2024/texmf-dist/tex/latex/listings/listings.sty
(c:/texlive/2024/texmf-dist/tex/latex/graphics/keyval.sty
Package: keyval 2022/05/29 v1.15 key=value parser (DPC)
\KV@toks@=\toks17
)
\lst@mode=\count269
\lst@gtempboxa=\box52
\lst@token=\toks18
\lst@length=\count270
\lst@currlwidth=\dimen142
\lst@column=\count271
\lst@pos=\count272
\lst@lostspace=\dimen143
\lst@width=\dimen144
\lst@newlines=\count273
\lst@lineno=\count274
\lst@maxwidth=\dimen145

(c:/texlive/2024/texmf-dist/tex/latex/listings/lstpatch.sty
File: lstpatch.sty 2024/05/25 1.10b (Carsten Heinz)
)
(c:/texlive/2024/texmf-dist/tex/latex/listings/lstmisc.sty
File: lstmisc.sty 2024/05/25 1.10b (Carsten Heinz)
\c@lstnumber=\count275
\lst@skipnumbers=\count276
\lst@framebox=\box53
)
(c:/texlive/2024/texmf-dist/tex/latex/listings/listings.cfg
File: listings.cfg 2024/05/25 1.10b listings configuration
))
Package: listings 2024/05/25 1.10b (Carsten Heinz)

(c:/texlive/2024/texmf-dist/tex/latex/listings/lstlang1.sty
File: lstlang1.sty 2024/05/25 1.10b listings language file
)
(c:/texlive/2024/texmf-dist/tex/latex/geometry/geometry.sty
Package: geometry 2020/01/02 v5.9 Page Geometry

(c:/texlive/2024/texmf-dist/tex/generic/iftex/ifvtex.sty
Package: ifvtex 2019/10/25 v1.7 ifvtex legacy package. Use iftex instead.

(c:/texlive/2024/texmf-dist/tex/generic/iftex/iftex.sty
Package: iftex 2022/02/03 v1.0f TeX engine tests
))
\Gm@cnth=\count277
\Gm@cntv=\count278
\c@Gm@tempcnt=\count279
\Gm@bindingoffset=\dimen146
\Gm@wd@mp=\dimen147
\Gm@odd@mp=\dimen148
\Gm@even@mp=\dimen149
\Gm@layoutwidth=\dimen150
\Gm@layoutheight=\dimen151
\Gm@layouthoffset=\dimen152
\Gm@layoutvoffset=\dimen153
\Gm@dimlist=\toks19
)
(c:/texlive/2024/texmf-dist/tex/latex/base/fontenc.sty
Package: fontenc 2021/04/29 v2.0v Standard LaTeX package
)
(c:/texlive/2024/texmf-dist/tex/latex/base/inputenc.sty
Package: inputenc 2024/02/08 v1.3d Input encoding file
\inpenc@prehook=\toks20
\inpenc@posthook=\toks21
)
(c:/texlive/2024/texmf-dist/tex/generic/babel/babel.sty
Package: babel 2024/06/26 v24.7 The Babel package
\babel@savecnt=\count280
\U@D=\dimen154
\l@unhyphenated=\language89

(c:/texlive/2024/texmf-dist/tex/generic/babel/txtbabel.def)
\bbl@readstream=\read2
\bbl@dirlevel=\count281

(c:/texlive/2024/texmf-dist/tex/generic/babel-german/ngerman.ldf
Language: ngerman 2024/01/19 v2.14 German support for babel (post-1996 orthogra
phy)

(c:/texlive/2024/texmf-dist/tex/generic/babel-german/ngermanb.ldf
Language: ngermanb 2024/01/19 v2.14 German support for babel (post-1996 orthogr
aphy)
Package babel Info: Making " an active character on input line 122.
)))
(c:/texlive/2024/texmf-dist/tex/generic/babel/locale/de/babel-ngerman.tex
Package babel Info: Importing font and identification data for ngerman
(babel)             from babel-de.ini. Reported on input line 11.
)
(c:/texlive/2024/texmf-dist/tex/latex/hyperref/hyperref.sty
Package: hyperref 2024-07-10 v7.01j Hypertext links for LaTeX

(c:/texlive/2024/texmf-dist/tex/latex/kvsetkeys/kvsetkeys.sty
Package: kvsetkeys 2022-10-05 v1.19 Key value parser (HO)
)
(c:/texlive/2024/texmf-dist/tex/generic/kvdefinekeys/kvdefinekeys.sty
Package: kvdefinekeys 2019-12-19 v1.6 Define keys (HO)
)
(c:/texlive/2024/texmf-dist/tex/generic/pdfescape/pdfescape.sty
Package: pdfescape 2019/12/09 v1.15 Implements pdfTeX's escape features (HO)

(c:/texlive/2024/texmf-dist/tex/generic/ltxcmds/ltxcmds.sty
Package: ltxcmds 2023-12-04 v1.26 LaTeX kernel commands for general use (HO)
)
(c:/texlive/2024/texmf-dist/tex/generic/pdftexcmds/pdftexcmds.sty
Package: pdftexcmds 2020-06-27 v0.33 Utility functions of pdfTeX for LuaTeX (HO
)

(c:/texlive/2024/texmf-dist/tex/generic/infwarerr/infwarerr.sty
Package: infwarerr 2019/12/03 v1.5 Providing info/warning/error messages (HO)
)
Package pdftexcmds Info: \pdf@primitive is available.
Package pdftexcmds Info: \pdf@ifprimitive is available.
Package pdftexcmds Info: \pdfdraftmode found.
))
(c:/texlive/2024/texmf-dist/tex/latex/hycolor/hycolor.sty
Package: hycolor 2020-01-27 v1.10 Color options for hyperref/bookmark (HO)
)
(c:/texlive/2024/texmf-dist/tex/latex/hyperref/nameref.sty
Package: nameref 2023-11-26 v2.56 Cross-referencing by name of section

(c:/texlive/2024/texmf-dist/tex/latex/refcount/refcount.sty
Package: refcount 2019/12/15 v3.6 Data extraction from label references (HO)
)
(c:/texlive/2024/texmf-dist/tex/generic/gettitlestring/gettitlestring.sty
Package: gettitlestring 2019/12/15 v1.6 Cleanup title references (HO)

(c:/texlive/2024/texmf-dist/tex/latex/kvoptions/kvoptions.sty
Package: kvoptions 2022-06-15 v3.15 Key value format for package options (HO)
))
\c@section@level=\count282
)
(c:/texlive/2024/texmf-dist/tex/latex/etoolbox/etoolbox.sty
Package: etoolbox 2020/10/05 v2.5k e-TeX tools for LaTeX (JAW)
\etb@tempcnta=\count283
)
(c:/texlive/2024/texmf-dist/tex/generic/stringenc/stringenc.sty
Package: stringenc 2019/11/29 v1.12 Convert strings between diff. encodings (HO
)
)
\@linkdim=\dimen155
\Hy@linkcounter=\count284
\Hy@pagecounter=\count285

(c:/texlive/2024/texmf-dist/tex/latex/hyperref/pd1enc.def
File: pd1enc.def 2024-07-10 v7.01j Hyperref: PDFDocEncoding definition (HO)
Now handling font encoding PD1 ...
... no UTF-8 mapping file for font encoding PD1
)
(c:/texlive/2024/texmf-dist/tex/generic/intcalc/intcalc.sty
Package: intcalc 2019/12/15 v1.3 Expandable calculations with integers (HO)
)
\Hy@SavedSpaceFactor=\count286

(c:/texlive/2024/texmf-dist/tex/latex/hyperref/puenc.def
File: puenc.def 2024-07-10 v7.01j Hyperref: PDF Unicode definition (HO)
Now handling font encoding PU ...
... no UTF-8 mapping file for font encoding PU
)
Package hyperref Info: Hyper figures OFF on input line 4157.
Package hyperref Info: Link nesting OFF on input line 4162.
Package hyperref Info: Hyper index ON on input line 4165.
Package hyperref Info: Plain pages OFF on input line 4172.
Package hyperref Info: Backreferencing OFF on input line 4177.
Package hyperref Info: Implicit mode ON; LaTeX internals redefined.
Package hyperref Info: Bookmarks ON on input line 4424.
\c@Hy@tempcnt=\count287

(c:/texlive/2024/texmf-dist/tex/latex/url/url.sty
\Urlmuskip=\muskip17
Package: url 2013/09/16  ver 3.4  Verb mode for urls, etc.
)
LaTeX Info: Redefining \url on input line 4763.
\XeTeXLinkMargin=\dimen156

(c:/texlive/2024/texmf-dist/tex/generic/bitset/bitset.sty
Package: bitset 2019/12/09 v1.3 Handle bit-vector datatype (HO)

(c:/texlive/2024/texmf-dist/tex/generic/bigintcalc/bigintcalc.sty
Package: bigintcalc 2019/12/15 v1.5 Expandable calculations on big integers (HO
)
))
\Fld@menulength=\count288
\Field@Width=\dimen157
\Fld@charsize=\dimen158
Package hyperref Info: Hyper figures OFF on input line 6042.
Package hyperref Info: Link nesting OFF on input line 6047.
Package hyperref Info: Hyper index ON on input line 6050.
Package hyperref Info: backreferencing OFF on input line 6057.
Package hyperref Info: Link coloring OFF on input line 6062.
Package hyperref Info: Link coloring with OCG OFF on input line 6067.
Package hyperref Info: PDF/A mode OFF on input line 6072.

(c:/texlive/2024/texmf-dist/tex/latex/base/atbegshi-ltx.sty
Package: atbegshi-ltx 2021/01/10 v1.0c Emulation of the original atbegshi
package with kernel methods
)
\Hy@abspage=\count289
\c@Item=\count290
\c@Hfootnote=\count291
)
Package hyperref Info: Driver (autodetected): hpdftex.

(c:/texlive/2024/texmf-dist/tex/latex/hyperref/hpdftex.def
File: hpdftex.def 2024-07-10 v7.01j Hyperref driver for pdfTeX

(c:/texlive/2024/texmf-dist/tex/latex/base/atveryend-ltx.sty
Package: atveryend-ltx 2020/08/19 v1.0a Emulation of the original atveryend pac
kage
with kernel methods
)
\Fld@listcount=\count292
\c@bookmark@seq@number=\count293

(c:/texlive/2024/texmf-dist/tex/latex/rerunfilecheck/rerunfilecheck.sty
Package: rerunfilecheck 2022-07-10 v1.10 Rerun checks for auxiliary files (HO)

(c:/texlive/2024/texmf-dist/tex/generic/uniquecounter/uniquecounter.sty
Package: uniquecounter 2019/12/15 v1.4 Provide unlimited unique counter (HO)
)
Package uniquecounter Info: New unique counter `rerunfilecheck' on input line 2
85.
)
\Hy@SectionHShift=\skip51
)
(c:/texlive/2024/texmf-dist/tex/latex/tools/verbatim.sty
Package: verbatim 2024-01-22 v1.5x LaTeX2e package for verbatim enhancements
\every@verbatim=\toks22
\verbatim@line=\toks23
\verbatim@in@stream=\read3
)
(c:/texlive/2024/texmf-dist/tex/latex/graphics/graphicx.sty
Package: graphicx 2021/09/16 v1.2d Enhanced LaTeX Graphics (DPC,SPQR)

(c:/texlive/2024/texmf-dist/tex/latex/graphics/graphics.sty
Package: graphics 2024/05/23 v1.4g Standard LaTeX Graphics (DPC,SPQR)

(c:/texlive/2024/texmf-dist/tex/latex/graphics/trig.sty
Package: trig 2023/12/02 v1.11 sin cos tan (DPC)
)
(c:/texlive/2024/texmf-dist/tex/latex/graphics-cfg/graphics.cfg
File: graphics.cfg 2016/06/04 v1.11 sample graphics configuration
)
Package graphics Info: Driver file: pdftex.def on input line 106.

(c:/texlive/2024/texmf-dist/tex/latex/graphics-def/pdftex.def
File: pdftex.def 2024/04/13 v1.2c Graphics/color driver for pdftex
))
\Gin@req@height=\dimen159
\Gin@req@width=\dimen160
)
(c:/texlive/2024/texmf-dist/tex/latex/float/float.sty
Package: float 2001/11/08 v1.3d Float enhancements (AL)
\c@float@type=\count294
\float@exts=\toks24
\float@box=\box54
\@float@everytoks=\toks25
\@floatcapt=\box55
)
(c:/texlive/2024/texmf-dist/tex/latex/pdfpages/pdfpages.sty
Package: pdfpages 2024/05/29 v0.6a Insert pages of external PDF documents (AM)

(c:/texlive/2024/texmf-dist/tex/latex/base/ifthen.sty
Package: ifthen 2024/03/16 v1.1e Standard LaTeX ifthen package (DPC)
)
(c:/texlive/2024/texmf-dist/tex/latex/tools/calc.sty
Package: calc 2023/07/08 v4.3 Infix arithmetic (KKT,FJ)
\calc@Acount=\count295
\calc@Bcount=\count296
\calc@Adimen=\dimen161
\calc@Bdimen=\dimen162
\calc@Askip=\skip52
\calc@Bskip=\skip53
LaTeX Info: Redefining \setlength on input line 80.
LaTeX Info: Redefining \addtolength on input line 81.
\calc@Ccount=\count297
\calc@Cskip=\skip54
)
(c:/texlive/2024/texmf-dist/tex/latex/eso-pic/eso-pic.sty
Package: eso-pic 2023/05/03 v3.0c eso-pic (RN)
\ESO@tempdima=\dimen163
\ESO@tempdimb=\dimen164

(c:/texlive/2024/texmf-dist/tex/latex/xcolor/xcolor.sty
Package: xcolor 2023/11/15 v3.01 LaTeX color extensions (UK)

(c:/texlive/2024/texmf-dist/tex/latex/graphics-cfg/color.cfg
File: color.cfg 2016/01/02 v1.6 sample color configuration
)
Package xcolor Info: Driver file: pdftex.def on input line 274.

(c:/texlive/2024/texmf-dist/tex/latex/graphics/mathcolor.ltx)
Package xcolor Info: Model `cmy' substituted by `cmy0' on input line 1350.
Package xcolor Info: Model `hsb' substituted by `rgb' on input line 1354.
Package xcolor Info: Model `RGB' extended on input line 1366.
Package xcolor Info: Model `HTML' substituted by `rgb' on input line 1368.
Package xcolor Info: Model `Hsb' substituted by `hsb' on input line 1369.
Package xcolor Info: Model `tHsb' substituted by `hsb' on input line 1370.
Package xcolor Info: Model `HSB' substituted by `hsb' on input line 1371.
Package xcolor Info: Model `Gray' substituted by `gray' on input line 1372.
Package xcolor Info: Model `wave' substituted by `hsb' on input line 1373.
))
\AM@pagewidth=\dimen165
\AM@pageheight=\dimen166
\AM@fboxrule=\dimen167

(c:/texlive/2024/texmf-dist/tex/latex/pdfpages/pppdftex.def
File: pppdftex.def 2024/05/29 v0.6a Pdfpages driver for pdfTeX (AM)
)
\pdfpages@includegraphics@status=\count298
\AM@pagebox=\box56
\AM@global@opts=\toks26
\AM@pagecnt=\count299
\AM@toc@title=\toks27
\AM@lof@heading=\toks28
\c@AM@survey=\count300
\AM@templatesizebox=\box57
)
(c:/texlive/2024/texmf-dist/tex/latex/caption/caption.sty
Package: caption 2023/08/05 v3.6o Customizing captions (AR)

(c:/texlive/2024/texmf-dist/tex/latex/caption/caption3.sty
Package: caption3 2023/07/31 v2.4d caption3 kernel (AR)
\caption@tempdima=\dimen168
\captionmargin=\dimen169
\caption@leftmargin=\dimen170
\caption@rightmargin=\dimen171
\caption@width=\dimen172
\caption@indent=\dimen173
\caption@parindent=\dimen174
\caption@hangindent=\dimen175
Package caption Info: Standard document class detected.
)
\c@caption@flags=\count301
\c@continuedfloat=\count302
Package caption Info: float package is loaded.
Package caption Info: hyperref package is loaded.
Package caption Info: listings package is loaded.
)
(c:/texlive/2024/texmf-dist/tex/latex/titlesec/titlesec.sty
Package: titlesec 2023/10/27 v2.16 Sectioning titles
\ttl@box=\box58
\beforetitleunit=\skip55
\aftertitleunit=\skip56
\ttl@plus=\dimen176
\ttl@minus=\dimen177
\ttl@toksa=\toks29
\titlewidth=\dimen178
\titlewidthlast=\dimen179
\titlewidthfirst=\dimen180
)
(c:/texlive/2024/texmf-dist/tex/latex/tocbibind/tocbibind.sty
Package: tocbibind 2010/10/13 v1.5k extra ToC listings
Package tocbibind Info: The document has chapter divisions on input line 50.


Package tocbibind Note: Using chapter style headings, unless overridden.

) (c:/texlive/2024/texmf-dist/tex/latex/tools/longtable.sty
Package: longtable 2024-04-26 v4.20 Multi-page Table package (DPC)
\LTleft=\skip57
\LTright=\skip58
\LTpre=\skip59
\LTpost=\skip60
\LTchunksize=\count303
\LTcapwidth=\dimen181
\LT@head=\box59
\LT@firsthead=\box60
\LT@foot=\box61
\LT@lastfoot=\box62
\LT@gbox=\box63
\LT@cols=\count304
\LT@rows=\count305
\c@LT@tables=\count306
\c@LT@chunks=\count307
\LT@p@ftn=\toks30
)
(c:/texlive/2024/texmf-dist/tex/latex/tocloft/tocloft.sty
Package: tocloft 2017/08/31 v2.3i parameterised ToC, etc., typesetting
Package tocloft Info: The document has chapter divisions on input line 51.
\cftparskip=\skip61
\cftbeforetoctitleskip=\skip62
\cftaftertoctitleskip=\skip63
\cftbeforepartskip=\skip64
\cftpartnumwidth=\skip65
\cftpartindent=\skip66
\cftbeforechapskip=\skip67
\cftchapindent=\skip68
\cftchapnumwidth=\skip69
\cftbeforesecskip=\skip70
\cftsecindent=\skip71
\cftsecnumwidth=\skip72
\cftbeforesubsecskip=\skip73
\cftsubsecindent=\skip74
\cftsubsecnumwidth=\skip75
\cftbeforesubsubsecskip=\skip76
\cftsubsubsecindent=\skip77
\cftsubsubsecnumwidth=\skip78
\cftbeforeparaskip=\skip79
\cftparaindent=\skip80
\cftparanumwidth=\skip81
\cftbeforesubparaskip=\skip82
\cftsubparaindent=\skip83
\cftsubparanumwidth=\skip84
\cftbeforeloftitleskip=\skip85
\cftafterloftitleskip=\skip86
\cftbeforefigskip=\skip87
\cftfigindent=\skip88
\cftfignumwidth=\skip89
\c@lofdepth=\count308
\c@lotdepth=\count309
\cftbeforelottitleskip=\skip90
\cftafterlottitleskip=\skip91
\cftbeforetabskip=\skip92
\cfttabindent=\skip93
\cfttabnumwidth=\skip94
)
(c:/texlive/2024/texmf-dist/tex/latex/fancyhdr/fancyhdr.sty
Package: fancyhdr 2024/07/23 v4.3.1 Extensive control of page headers and foote
rs
\f@nch@headwidth=\skip95
\f@nch@O@elh=\skip96
\f@nch@O@erh=\skip97
\f@nch@O@olh=\skip98
\f@nch@O@orh=\skip99
\f@nch@O@elf=\skip100
\f@nch@O@erf=\skip101
\f@nch@O@olf=\skip102
\f@nch@O@orf=\skip103
)
(c:/texlive/2024/texmf-dist/tex/latex/lastpage/lastpage.sty
Package: lastpage 2024/07/07 v2.1c lastpage: 2.09 or 2e? (HMM)

(c:/texlive/2024/texmf-dist/tex/latex/lastpage/lastpage2e.sty
Package: lastpage2e 2024/07/07 v2.1c Decide which 2e lastpage version to use (H
MM)

(c:/texlive/2024/texmf-dist/tex/latex/lastpage/lastpagemodern.sty
Package: lastpagemodern 2024-07-07 v2.1c Refers to last page's name (HMM; JPG)
\c@lastpagecount=\count310
) 
)) (c:/texlive/2024/texmf-dist/tex/latex/psnfss/pifont.sty
Package: pifont 2020/03/25 PSNFSS-v9.3 Pi font support (SPQR) 
LaTeX Font Info:    Trying to load font information for U+pzd on input line 63.


(c:/texlive/2024/texmf-dist/tex/latex/psnfss/upzd.fd
File: upzd.fd 2001/06/04 font definitions for U/pzd.
)
LaTeX Font Info:    Trying to load font information for U+psy on input line 64.


(c:/texlive/2024/texmf-dist/tex/latex/psnfss/upsy.fd
File: upsy.fd 2001/06/04 font definitions for U/psy.
))
(c:/texlive/2024/texmf-dist/tex/latex/amsmath/amsmath.sty
Package: amsmath 2024/05/23 v2.17q AMS math features
\@mathmargin=\skip104

For additional information on amsmath, use the `?' option.
(c:/texlive/2024/texmf-dist/tex/latex/amsmath/amstext.sty
Package: amstext 2021/08/26 v2.01 AMS text

(c:/texlive/2024/texmf-dist/tex/latex/amsmath/amsgen.sty
File: amsgen.sty 1999/11/30 v2.0 generic functions
\@emptytoks=\toks31
\ex@=\dimen182
))
(c:/texlive/2024/texmf-dist/tex/latex/amsmath/amsbsy.sty
Package: amsbsy 1999/11/29 v1.2d Bold Symbols
\pmbraise@=\dimen183
)
(c:/texlive/2024/texmf-dist/tex/latex/amsmath/amsopn.sty
Package: amsopn 2022/04/08 v2.04 operator names
)
\inf@bad=\count311
LaTeX Info: Redefining \frac on input line 233.
\uproot@=\count312
\leftroot@=\count313
LaTeX Info: Redefining \overline on input line 398.
LaTeX Info: Redefining \colon on input line 409.
\classnum@=\count314
\DOTSCASE@=\count315
LaTeX Info: Redefining \ldots on input line 495.
LaTeX Info: Redefining \dots on input line 498.
LaTeX Info: Redefining \cdots on input line 619.
\Mathstrutbox@=\box64
\strutbox@=\box65
LaTeX Info: Redefining \big on input line 721.
LaTeX Info: Redefining \Big on input line 722.
LaTeX Info: Redefining \bigg on input line 723.
LaTeX Info: Redefining \Bigg on input line 724.
\big@size=\dimen184
LaTeX Font Info:    Redeclaring font encoding OML on input line 742.
LaTeX Font Info:    Redeclaring font encoding OMS on input line 743.
\macc@depth=\count316
LaTeX Info: Redefining \bmod on input line 904.
LaTeX Info: Redefining \pmod on input line 909.
LaTeX Info: Redefining \smash on input line 939.
LaTeX Info: Redefining \relbar on input line 969.
LaTeX Info: Redefining \Relbar on input line 970.
\c@MaxMatrixCols=\count317
\dotsspace@=\muskip18
\c@parentequation=\count318
\dspbrk@lvl=\count319
\tag@help=\toks32
\row@=\count320
\column@=\count321
\maxfields@=\count322
\andhelp@=\toks33
\eqnshift@=\dimen185
\alignsep@=\dimen186
\tagshift@=\dimen187
\tagwidth@=\dimen188
\totwidth@=\dimen189
\lineht@=\dimen190
\@envbody=\toks34
\multlinegap=\skip105
\multlinetaggap=\skip106
\mathdisplay@stack=\toks35
LaTeX Info: Redefining \[ on input line 2953.
LaTeX Info: Redefining \] on input line 2954.
)
(c:/texlive/2024/texmf-dist/tex/latex/glossaries-extra/glossaries-extra.sty
Package: glossaries-extra 2023/09/29 v1.53 (NLCT)

(c:/texlive/2024/texmf-dist/tex/latex/xkeyval/xkeyval.sty
Package: xkeyval 2022/06/16 v2.9 package option processing (HA)

(c:/texlive/2024/texmf-dist/tex/generic/xkeyval/xkeyval.tex
(c:/texlive/2024/texmf-dist/tex/generic/xkeyval/xkvutils.tex
\XKV@toks=\toks36
\XKV@tempa@toks=\toks37
)
\XKV@depth=\count323
File: xkeyval.tex 2014/12/03 v2.7a key=value parser (HA)
))
(c:/texlive/2024/texmf-dist/tex/latex/glossaries/base/glossaries.sty
Package: glossaries 2024/04/03 v4.54 (NLCT)

(c:/texlive/2024/texmf-dist/tex/latex/mfirstuc/mfirstuc.sty
Package: mfirstuc 2022/10/14 v2.08 (NLCT)
\@glsmfirst=\toks38
\@glsmrest=\toks39
)
(c:/texlive/2024/texmf-dist/tex/latex/xfor/xfor.sty
Package: xfor 2009/02/05 v1.05 (NLCT)
)
(c:/texlive/2024/texmf-dist/tex/latex/datatool/datatool-base.sty
Package: datatool-base 2019/09/27 v2.32 (NLCT)

(c:/texlive/2024/texmf-dist/tex/latex/substr/substr.sty
Package: substr 2009/10/20 v1.2 Handle substrings
\c@su@anzahl=\count324
)
(c:/texlive/2024/texmf-dist/tex/latex/datatool/datatool-fp.sty
Package: datatool-fp 2019/09/27 v2.32 (NLCT)

(c:/texlive/2024/texmf-dist/tex/latex/fp/fp.sty
Package: fp 1995/04/02

`Fixed Point Package', Version 0.8, April 2, 1995 (C) Michael Mehlich
(c:/texlive/2024/texmf-dist/tex/latex/fp/defpattern.sty
Package: defpattern 1994/10/12
\actioncount=\count325
)
(c:/texlive/2024/texmf-dist/tex/latex/fp/fp-basic.sty
Package: fp-basic 1996/05/13
\FP@xs=\count326
\FP@xia=\count327
\FP@xib=\count328
\FP@xfa=\count329
\FP@xfb=\count330
\FP@rega=\count331
\FP@regb=\count332
\FP@regs=\count333
\FP@times=\count334
)
(c:/texlive/2024/texmf-dist/tex/latex/fp/fp-addons.sty
Package: fp-addons 1995/03/15
)
(c:/texlive/2024/texmf-dist/tex/latex/fp/fp-snap.sty
Package: fp-snap 1995/04/05
)
(c:/texlive/2024/texmf-dist/tex/latex/fp/fp-exp.sty
Package: fp-exp 1995/04/03
)
(c:/texlive/2024/texmf-dist/tex/latex/fp/fp-trigo.sty
Package: fp-trigo 1995/04/14
)
(c:/texlive/2024/texmf-dist/tex/latex/fp/fp-pas.sty
Package: fp-pas 1994/08/29
)
(c:/texlive/2024/texmf-dist/tex/latex/fp/fp-random.sty
Package: fp-random 1995/02/23
\FPseed=\count335
)
(c:/texlive/2024/texmf-dist/tex/latex/fp/fp-eqn.sty
Package: fp-eqn 1995/04/03
)
(c:/texlive/2024/texmf-dist/tex/latex/fp/fp-upn.sty
Package: fp-upn 1996/10/21
)
(c:/texlive/2024/texmf-dist/tex/latex/fp/fp-eval.sty
Package: fp-eval 1995/04/03
)))
\@dtl@toks=\toks40
\@dtl@tmpcount=\count336
\dtl@tmplength=\skip107
\dtl@sortresult=\count337
\@dtl@numgrpsepcount=\count338
\@dtl@datatype=\count339
\dtl@codeA=\count340
\dtl@codeB=\count341
\@dtl@foreach@level=\count342
)
(c:/texlive/2024/texmf-dist/tex/latex/tracklang/tracklang.sty
Package: tracklang 2022/12/13 v1.6.1 (NLCT) Track Languages

(c:/texlive/2024/texmf-dist/tex/generic/tracklang/tracklang.tex))
(c:/texlive/2024/texmf-dist/tex/latex/glossaries-german/glossaries-german.ldf
File: glossaries-german.ldf 2014/11/23 v1.0
)
\gls@level=\count343
\@gls@tmpb=\toks41
\gls@tmplen=\skip108
\glskeylisttok=\toks42
\glslabeltok=\toks43
\glsshorttok=\toks44
\glslongtok=\toks45

(c:/texlive/2024/texmf-dist/tex/latex/glossaries/styles/glossary-hypernav.sty
Package: glossary-hypernav 2024/04/03 v4.54 (NLCT)
)
(c:/texlive/2024/texmf-dist/tex/latex/glossaries/styles/glossary-list.sty
Package: glossary-list 2024/04/03 v4.54 (NLCT)
\glslistdottedwidth=\skip109
)
(c:/texlive/2024/texmf-dist/tex/latex/glossaries/styles/glossary-long.sty
Package: glossary-long 2024/04/03 v4.54 (NLCT)
\glsdescwidth=\skip110
\glspagelistwidth=\skip111
)
(c:/texlive/2024/texmf-dist/tex/latex/glossaries/styles/glossary-super.sty
Package: glossary-super 2024/04/03 v4.54 (NLCT)

(c:/texlive/2024/texmf-dist/tex/latex/supertabular/supertabular.sty
Package: supertabular 2024/07/20 v4.2c the supertabular environment
\c@tracingst=\count344
\ST@wd=\dimen191
\ST@rightskip=\skip112
\ST@leftskip=\skip113
\ST@parfillskip=\skip114
\ST@pageleft=\dimen192
\ST@headht=\dimen193
\ST@tailht=\dimen194
\ST@pagesofar=\dimen195
\ST@pboxht=\dimen196
\ST@rowht=\dimen197
\ST@prevht=\dimen198
\ST@toadd=\dimen199
\ST@dimen=\dimen256
\ST@pbox=\box66
))
(c:/texlive/2024/texmf-dist/tex/latex/glossaries/styles/glossary-tree.sty
Package: glossary-tree 2024/04/03 v4.54 (NLCT)
\glstreeindent=\skip115
))
\@glsxtr@leveloffset=\count345
\glsxtrresourcecount=\count346
\@glsxtrnewgls@inner=\count347
\glsshortpltok=\toks46
\glslongpltok=\toks47

(c:/texlive/2024/texmf-dist/tex/latex/glossaries-extra/glossaries-extra-abbrsty
les.def
File: glossaries-extra-abbrstyles.def 2023/06/28 v1.52 (NLCT)
)
\mglselementindex=\count348
) (c:/texlive/2024/texmf-dist/tex/latex/wasysym/wasysym.sty
Package: wasysym 2020/01/19 v2.4 Wasy-2 symbol support package
\symwasy=\mathgroup4
LaTeX Font Info:    Overwriting symbol font `wasy' in version `bold'
(Font)                  U/wasy/m/n --> U/wasy/b/n on input line 93.
)
(c:/texlive/2024/texmf-dist/tex/latex/base/textcomp.sty
Package: textcomp 2024/04/24 v2.1b Standard LaTeX package
)
(c:/texlive/2024/texmf-dist/tex/latex/biblatex/biblatex.sty
Package: biblatex 2024/03/21 v3.20 programmable bibliographies (PK/MW)

(c:/texlive/2024/texmf-dist/tex/latex/logreq/logreq.sty
Package: logreq 2010/08/04 v1.0 xml request logger
\lrq@indent=\count349

(c:/texlive/2024/texmf-dist/tex/latex/logreq/logreq.def
File: logreq.def 2010/08/04 v1.0 logreq spec v1.0
))
\c@tabx@nest=\count350
\c@listtotal=\count351
\c@listcount=\count352
\c@liststart=\count353
\c@liststop=\count354
\c@citecount=\count355
\c@citetotal=\count356
\c@multicitecount=\count357
\c@multicitetotal=\count358
\c@instcount=\count359
\c@maxnames=\count360
\c@minnames=\count361
\c@maxitems=\count362
\c@minitems=\count363
\c@citecounter=\count364
\c@maxcitecounter=\count365
\c@savedcitecounter=\count366
\c@uniquelist=\count367
\c@uniquename=\count368
\c@refsection=\count369
\c@refsegment=\count370
\c@maxextratitle=\count371
\c@maxextratitleyear=\count372
\c@maxextraname=\count373
\c@maxextradate=\count374
\c@maxextraalpha=\count375
\c@abbrvpenalty=\count376
\c@highnamepenalty=\count377
\c@lownamepenalty=\count378
\c@maxparens=\count379
\c@parenlevel=\count380
\blx@tempcnta=\count381
\blx@tempcntb=\count382
\blx@tempcntc=\count383
\c@blx@maxsection=\count384
\blx@maxsegment@0=\count385
\blx@notetype=\count386
\blx@parenlevel@text=\count387
\blx@parenlevel@foot=\count388
\blx@sectionciteorder@0=\count389
\blx@sectionciteorderinternal@0=\count390
\blx@entrysetcounter=\count391
\blx@biblioinstance=\count392
\labelnumberwidth=\skip116
\labelalphawidth=\skip117
\biblabelsep=\skip118
\bibitemsep=\skip119
\bibnamesep=\skip120
\bibinitsep=\skip121
\bibparsep=\skip122
\bibhang=\skip123
\blx@bcfin=\read4
\blx@bcfout=\write3
\blx@langwohyphens=\language90
\c@mincomprange=\count393
\c@maxcomprange=\count394
\c@mincompwidth=\count395
Package biblatex Info: Trying to load biblatex default data model...
Package biblatex Info: ... file 'blx-dm.def' found.

(c:/texlive/2024/texmf-dist/tex/latex/biblatex/blx-dm.def
File: blx-dm.def 2024/03/21 v3.20 biblatex datamodel (PK/MW)
)
Package biblatex Info: Trying to load biblatex style data model...
Package biblatex Info: ... file 'authoryear.dbx' not found.
Package biblatex Info: Trying to load biblatex custom data model...
Package biblatex Info: ... file 'biblatex-dm.cfg' not found.
\c@afterword=\count396
\c@savedafterword=\count397
\c@annotator=\count398
\c@savedannotator=\count399
\c@author=\count400
\c@savedauthor=\count401
\c@bookauthor=\count402
\c@savedbookauthor=\count403
\c@commentator=\count404
\c@savedcommentator=\count405
\c@editor=\count406
\c@savededitor=\count407
\c@editora=\count408
\c@savededitora=\count409
\c@editorb=\count410
\c@savededitorb=\count411
\c@editorc=\count412
\c@savededitorc=\count413
\c@foreword=\count414
\c@savedforeword=\count415
\c@holder=\count416
\c@savedholder=\count417
\c@introduction=\count418
\c@savedintroduction=\count419
\c@namea=\count420
\c@savednamea=\count421
\c@nameb=\count422
\c@savednameb=\count423
\c@namec=\count424
\c@savednamec=\count425
\c@translator=\count426
\c@savedtranslator=\count427
\c@shortauthor=\count428
\c@savedshortauthor=\count429
\c@shorteditor=\count430
\c@savedshorteditor=\count431
\c@labelname=\count432
\c@savedlabelname=\count433
\c@institution=\count434
\c@savedinstitution=\count435
\c@lista=\count436
\c@savedlista=\count437
\c@listb=\count438
\c@savedlistb=\count439
\c@listc=\count440
\c@savedlistc=\count441
\c@listd=\count442
\c@savedlistd=\count443
\c@liste=\count444
\c@savedliste=\count445
\c@listf=\count446
\c@savedlistf=\count447
\c@location=\count448
\c@savedlocation=\count449
\c@organization=\count450
\c@savedorganization=\count451
\c@origlocation=\count452
\c@savedoriglocation=\count453
\c@origpublisher=\count454
\c@savedorigpublisher=\count455
\c@publisher=\count456
\c@savedpublisher=\count457
\c@language=\count458
\c@savedlanguage=\count459
\c@origlanguage=\count460
\c@savedoriglanguage=\count461
\c@pageref=\count462
\c@savedpageref=\count463
\shorthandwidth=\skip124
\shortjournalwidth=\skip125
\shortserieswidth=\skip126
\shorttitlewidth=\skip127
\shortauthorwidth=\skip128
\shorteditorwidth=\skip129
\locallabelnumberwidth=\skip130
\locallabelalphawidth=\skip131
\localshorthandwidth=\skip132
\localshortjournalwidth=\skip133
\localshortserieswidth=\skip134
\localshorttitlewidth=\skip135
\localshortauthorwidth=\skip136
\localshorteditorwidth=\skip137
Package biblatex Info: Trying to load compatibility code...
Package biblatex Info: ... file 'blx-compat.def' found.

(c:/texlive/2024/texmf-dist/tex/latex/biblatex/blx-compat.def
File: blx-compat.def 2024/03/21 v3.20 biblatex compatibility (PK/MW)
)
Package biblatex Info: Trying to load generic definitions...
Package biblatex Info: ... file 'biblatex.def' found.

(c:/texlive/2024/texmf-dist/tex/latex/biblatex/biblatex.def
File: biblatex.def 2024/03/21 v3.20 biblatex compatibility (PK/MW)
\c@textcitecount=\count464
\c@textcitetotal=\count465
\c@textcitemaxnames=\count466
\c@biburlbigbreakpenalty=\count467
\c@biburlbreakpenalty=\count468
\c@biburlnumpenalty=\count469
\c@biburlucpenalty=\count470
\c@biburllcpenalty=\count471
\biburlbigskip=\muskip19
\biburlnumskip=\muskip20
\biburlucskip=\muskip21
\biburllcskip=\muskip22
\c@smartand=\count472
)
Package biblatex Info: Trying to load bibliography style 'authoryear'...
Package biblatex Info: ... file 'authoryear.bbx' found.

(c:/texlive/2024/texmf-dist/tex/latex/biblatex/bbx/authoryear.bbx
File: authoryear.bbx 2024/03/21 v3.20 biblatex bibliography style (PK/MW)
Package biblatex Info: Trying to load bibliography style 'standard'...
Package biblatex Info: ... file 'standard.bbx' found.

(c:/texlive/2024/texmf-dist/tex/latex/biblatex/bbx/standard.bbx
File: standard.bbx 2024/03/21 v3.20 biblatex bibliography style (PK/MW)
\c@bbx:relatedcount=\count473
\c@bbx:relatedtotal=\count474
))
Package biblatex Info: Trying to load citation style 'authoryear'...
Package biblatex Info: ... file 'authoryear.cbx' found.

(c:/texlive/2024/texmf-dist/tex/latex/biblatex/cbx/authoryear.cbx
File: authoryear.cbx 2024/03/21 v3.20 biblatex citation style (PK/MW)
Package biblatex Info: Redefining '\cite'.
Package biblatex Info: Redefining '\parencite'.
Package biblatex Info: Redefining '\footcite'.
Package biblatex Info: Redefining '\footcitetext'.
Package biblatex Info: Redefining '\smartcite'.
Package biblatex Info: Redefining '\textcite'.
Package biblatex Info: Redefining '\textcites'.
)
Package biblatex Info: Trying to load configuration file...
Package biblatex Info: ... file 'biblatex.cfg' found.

(c:/texlive/2024/texmf-dist/tex/latex/biblatex/biblatex.cfg
File: biblatex.cfg 
)
Package biblatex Info: Input encoding 'utf8' detected.
Package biblatex Info: Document encoding is UTF8 ....

(c:/texlive/2024/texmf-dist/tex/latex/l3kernel/expl3.sty
Package: expl3 2024-07-20 L3 programming layer (loader) 

(c:/texlive/2024/texmf-dist/tex/latex/l3backend/l3backend-pdftex.def
File: l3backend-pdftex.def 2024-05-08 L3 backend support: PDF output (pdfTeX)
\l__color_backend_stack_int=\count475
\l__pdf_internal_box=\box67
))
Package biblatex Info: ... and expl3
(biblatex)             2024-07-20 L3 programming layer (loader) 
(biblatex)             is new enough (at least 2020/04/06),
(biblatex)             setting 'casechanger=expl3'.

(c:/texlive/2024/texmf-dist/tex/latex/biblatex/blx-case-expl3.sty
(c:/texlive/2024/texmf-dist/tex/latex/l3packages/xparse/xparse.sty
Package: xparse 2024-05-08 L3 Experimental document command parser
)
Package: blx-case-expl3 2024/03/21 v3.20 expl3 case changing code for biblatex
))
runsystem(makeindex -s main.ist -t main.glg -o main.gls main.glo)...executed sa
fely (allowed).

\glswrite=\write4
\glo@main@file=\write5
\openout5 = `main.glo'.

Package glossaries Info: Writing glossary file main.glo on input line 78.

(./global/glossar_eintraege.tex)

Package biblatex Warning: 'babel/polyglossia' detected but 'csquotes' missing.
(biblatex)                Loading 'csquotes' recommended.

\@quotelevel=\count476
\@quotereset=\count477
(./main.aux (./teil_2/arbeitspakete.aux) (./teil_2/testkonzepte.aux))
\openout1 = `main.aux'.

LaTeX Font Info:    Checking defaults for OML/cmm/m/it on input line 97.
LaTeX Font Info:    ... okay on input line 97.
LaTeX Font Info:    Checking defaults for OMS/cmsy/m/n on input line 97.
LaTeX Font Info:    ... okay on input line 97.
LaTeX Font Info:    Checking defaults for OT1/cmr/m/n on input line 97.
LaTeX Font Info:    ... okay on input line 97.
LaTeX Font Info:    Checking defaults for T1/cmr/m/n on input line 97.
LaTeX Font Info:    ... okay on input line 97.
LaTeX Font Info:    Checking defaults for TS1/cmr/m/n on input line 97.
LaTeX Font Info:    ... okay on input line 97.
LaTeX Font Info:    Checking defaults for OMX/cmex/m/n on input line 97.
LaTeX Font Info:    ... okay on input line 97.
LaTeX Font Info:    Checking defaults for U/cmr/m/n on input line 97.
LaTeX Font Info:    ... okay on input line 97.
LaTeX Font Info:    Checking defaults for PD1/pdf/m/n on input line 97.
LaTeX Font Info:    ... okay on input line 97.
LaTeX Font Info:    Checking defaults for PU/pdf/m/n on input line 97.
LaTeX Font Info:    ... okay on input line 97.
\c@lstlisting=\count478

*geometry* driver: auto-detecting
*geometry* detected driver: pdftex
*geometry* verbose mode - [ preamble ] result:
* driver: pdftex
* paper: a4paper
* layout: <same size as paper>
* layoutoffset:(h,v)=(0.0pt,0.0pt)
* modes: 
* h-part:(L,W,R)=(101.17755pt, 395.15277pt, 101.17755pt)
* v-part:(T,H,B)=(101.17755pt, 642.69174pt, 101.17755pt)
* \paperwidth=597.50787pt
* \paperheight=845.04684pt
* \textwidth=395.15277pt
* \textheight=642.69174pt
* \oddsidemargin=28.90756pt
* \evensidemargin=28.90756pt
* \topmargin=-8.09244pt
* \headheight=12.0pt
* \headsep=25.0pt
* \topskip=11.0pt
* \footskip=30.0pt
* \marginparwidth=50.0pt
* \marginparsep=10.0pt
* \columnsep=10.0pt
* \skip\footins=10.0pt plus 4.0pt minus 2.0pt
* \hoffset=0.0pt
* \voffset=0.0pt
* \mag=1000
* \@twocolumnfalse
* \@twosidefalse
* \@mparswitchfalse
* \@reversemarginfalse
* (1in=72.27pt=25.4mm, 1cm=28.453pt)

Package hyperref Info: Link coloring OFF on input line 97.
(./main.out) (./main.out)
\@outlinefile=\write6
\openout6 = `main.out'.


(c:/texlive/2024/texmf-dist/tex/context/base/mkii/supp-pdf.mkii
[Loading MPS to PDF converter (version 2006.09.02).]
\scratchcounter=\count479
\scratchdimen=\dimen257
\scratchbox=\box68
\nofMPsegments=\count480
\nofMParguments=\count481
\everyMPshowfont=\toks48
\MPscratchCnt=\count482
\MPscratchDim=\dimen258
\MPnumerator=\count483
\makeMPintoPDFobject=\count484
\everyMPtoPDFconversion=\toks49
) (c:/texlive/2024/texmf-dist/tex/latex/epstopdf-pkg/epstopdf-base.sty
Package: epstopdf-base 2020-01-24 v2.11 Base part for package epstopdf
Package epstopdf-base Info: Redefining graphics rule for `.eps' on input line 4
85.

(c:/texlive/2024/texmf-dist/tex/latex/latexconfig/epstopdf-sys.cfg
File: epstopdf-sys.cfg 2010/07/13 v1.3 Configuration of (r)epstopdf for TeX Liv
e
))
(c:/texlive/2024/texmf-dist/tex/latex/pdflscape/pdflscape.sty
Package: pdflscape 2022-10-27 v0.13 Display of landscape pages in PDF

(c:/texlive/2024/texmf-dist/tex/latex/pdflscape/pdflscape-nometadata.sty
Package: pdflscape-nometadata 2022-10-28 v0.13 Display of landscape pages in PD
F (HO)

(c:/texlive/2024/texmf-dist/tex/latex/graphics/lscape.sty
Package: lscape 2020/05/28 v3.02 Landscape Pages (DPC)
)
Package pdflscape Info: Auto-detected driver: pdftex on input line 81.
))
Package caption Info: Begin \AtBeginDocument code.
Package caption Info: longtable package is loaded.

(c:/texlive/2024/texmf-dist/tex/latex/caption/ltcaption.sty
Package: ltcaption 2021/01/08 v1.4c longtable captions (AR)
)
Package caption Info: supertabular package is loaded.
Package caption Info: End \AtBeginDocument code.
Package biblatex Info: Trying to load language 'ngerman'...
Package biblatex Info: ... file 'ngerman.lbx' found.

(c:/texlive/2024/texmf-dist/tex/latex/biblatex/lbx/ngerman.lbx
File: ngerman.lbx 2024/03/21 v3.20 biblatex localization (PK/MW)
Package biblatex Info: Trying to load language 'german'...
Package biblatex Info: ... file 'german.lbx' found.

(c:/texlive/2024/texmf-dist/tex/latex/biblatex/lbx/german.lbx
File: german.lbx 2024/03/21 v3.20 biblatex localization (PK/MW)
)
Package biblatex Info: Trying to load language 'german'...
Package biblatex Info: ... file 'german.lbx' found.

(c:/texlive/2024/texmf-dist/tex/latex/biblatex/lbx/german.lbx
File: german.lbx 2024/03/21 v3.20 biblatex localization (PK/MW)
))
Package biblatex Info: Input encoding 'utf8' detected.
Package biblatex Info: Automatic encoding selection.
(biblatex)             Assuming data encoding 'utf8'.
\openout3 = `main.bcf'.

Package biblatex Info: Trying to load bibliographic data...
Package biblatex Info: ... file 'main.bbl' found.
 (./main.bbl)
Package biblatex Info: Reference section=0 on input line 97.
Package biblatex Info: Reference segment=0 on input line 97.

(./titel.tex
<ressourcen/ergon_logo_gross.png, id=526, 556.2381pt x 118.7637pt>
File: ressourcen/ergon_logo_gross.png Graphic file (type png)
<use ressourcen/ergon_logo_gross.png>
Package pdftex.def Info: ressourcen/ergon_logo_gross.png  used on input line 5.

(pdftex.def)             Requested size: 237.09407pt x 50.62158pt.


[1

\openout4 = `main.ist'.

{c:/texlive/2024/texmf-var/fonts/map/pdftex/updmap/pdftex.map}{c:/texlive/2024/
texmf-dist/fonts/enc/dvips/cm-super/cm-super-t1.enc} <./ressourcen/ergon_logo_g
ross.png>]) (./global/inhalt.tex (./main.toc
LaTeX Font Info:    Trying to load font information for U+wasy on input line 2.


(c:/texlive/2024/texmf-dist/tex/latex/wasysym/uwasy.fd
File: uwasy.fd 2020/01/19 v2.4 Wasy-2 symbol font definitions
)


pdfTeX warning (ext4): destination with the same identifier (name{page.1}) has 
been already used, duplicate ignored
<to be read again> 
                   \relax 
l.44 ...{9.1.1}Einsatzzweck}{31}{subsection.9.1.1}
                                                  % [1]

[2]

[3])
\tf@toc=\write7
\openout7 = `main.toc'.

) (./teil_1/umfeld_und_ablauf.tex

[4]

[5

]) (./teil_1/aufgabenstellung.tex
Kapitel 1.

Overfull \hbox (0.29277pt too wide) in paragraph at lines 5--6
\T1/cmr/m/n/10.95 Autorisierungs-Lösung für ei-ni-ge Ban-ken in der Schweiz. Di
e-ses Pro-jekt heisst [][]CardX[]
 []



[6

]
Overfull \hbox (7.67137pt too wide) in paragraph at lines 48--49
[]\T1/cmr/m/n/10.95 Durch die frü-he-ren Pro-jek-te, wie ein Fuss-ball-tipp-spi
el und ei-ne Anmelde-Plattform
 []



[7]
<ressourcen/show-and-edit-tasks.png, id=714, 2569.6pt x 574.145pt>
File: ressourcen/show-and-edit-tasks.png Graphic file (type png)
<use ressourcen/show-and-edit-tasks.png>
Package pdftex.def Info: ressourcen/show-and-edit-tasks.png  used on input line
 79.
(pdftex.def)             Requested size: 395.15277pt x 88.2907pt.
) (./teil_1/projektaufbauorganisation.tex

[8 <./ressourcen/show-and-edit-tasks.png>]
Kapitel 2.

Underfull \hbox (badness 10000) in paragraph at lines 13--13
[]|\T1/cmr/m/n/10.95 Verantwortliche Fach-
 []


Overfull \hbox (35.99997pt too wide) in alignment at lines 5--21
 [] [] [] 
 []

) (./teil_1/arbeitsumgebung.tex

[9

]
Kapitel 3.

Overfull \hbox (1.32257pt too wide) in paragraph at lines 7--8
\T1/cmr/m/n/10.95 Die Probe-IPA wird am ge-wohn-ten Ar-beits-platz im Fün-fer-b
ü-ro des Ler-nen-den durch-
 []


Overfull \hbox (14.7876pt too wide) in paragraph at lines 7--8
\T1/cmr/m/n/10.95 ge-führt. Als Ar-beits-ge-rät wird ein No-te-book ver-wen-det
, wel-ches mit-hil-fe ei-ner Dockings-
 []

<ressourcen/Arbeitsplatz-Joel-Vontobel.jpg, id=730, 1606.0pt x 903.375pt>
File: ressourcen/Arbeitsplatz-Joel-Vontobel.jpg Graphic file (type jpg)
<use ressourcen/Arbeitsplatz-Joel-Vontobel.jpg>
Package pdftex.def Info: ressourcen/Arbeitsplatz-Joel-Vontobel.jpg  used on inp
ut line 11.
(pdftex.def)             Requested size: 316.12341pt x 177.81844pt.


[10

 <./ressourcen/Arbeitsplatz-Joel-Vontobel.jpg>]
Underfull \hbox (badness 2903) in paragraph at lines 24--24
[]|\T1/cmr/m/n/10.95 Entwicklungsumgebung für die
 []

LaTeX Font Info:    Trying to load font information for T1+cmtt on input line 2
4.
(c:/texlive/2024/texmf-dist/tex/latex/base/t1cmtt.fd
File: t1cmtt.fd 2023/04/13 v2.5m Standard LaTeX font definitions
)
Underfull \hbox (badness 10000) in paragraph at lines 24--24
[]|[]$\T1/cmtt/m/n/10.95 https : / / www . jetbrains . com /
 []


Underfull \hbox (badness 10000) in paragraph at lines 28--28
[]|[]$\T1/cmtt/m/n/10.95 https : / / bitbucket . org /
 []


Underfull \hbox (badness 10000) in paragraph at lines 30--30
[]|\T1/cmr/m/n/10.95 Abbildung der Probe-IPA-
 []


Underfull \hbox (badness 10000) in paragraph at lines 30--30
[]|[]$\T1/cmtt/m/n/10.95 https : / / www . atlassian . com /
 []


Underfull \hbox (badness 10000) in paragraph at lines 34--34
[]|\T1/cmr/m/n/10.95 Ein Do-ku-men-ten-vor-be-rei-tungs-
 []


Underfull \hbox (badness 10000) in paragraph at lines 34--34
[]|[]$\T1/cmtt/m/n/10.95 https : / / www . latex-[]project .
 []


Underfull \hbox (badness 10000) in paragraph at lines 36--36
[]|[]$\T1/cmtt/m/n/10.95 https : / / www . microsoft . com /
 []


Underfull \hbox (badness 10000) in paragraph at lines 36--36
\T1/cmtt/m/n/10.95 de-[]ch / microsoft-[]teams /
 []


Underfull \hbox (badness 10000) in paragraph at lines 37--37
[]|[]$\T1/cmtt/m/n/10.95 https : / / www . microsoft . com /
 []


Underfull \hbox (badness 10000) in paragraph at lines 37--37
\T1/cmtt/m/n/10.95 de-[]ch / microsoft-[]365 / excel ?
 []


Underfull \hbox (badness 10000) in paragraph at lines 38--38
[]|[]$\T1/cmtt/m/n/10.95 https : / / languagetool . org /
 []


Overfull \hbox (35.99997pt too wide) in alignment at lines 21--39
 [] [] [] 
 []



[11]) (./teil_1/versionierung_und_sicherung_der_arbeitsergebnisse.tex
Kapitel 4.
<ressourcen/placeholder.png, id=766, 683.55376pt x 529.98pt>
File: ressourcen/placeholder.png Graphic file (type png)
<use ressourcen/placeholder.png>
Package pdftex.def Info: ressourcen/placeholder.png  used on input line 12.
(pdftex.def)             Requested size: 316.12341pt x 245.1038pt.


[12

]
File: ressourcen/placeholder.png Graphic file (type png)
<use ressourcen/placeholder.png>
Package pdftex.def Info: ressourcen/placeholder.png  used on input line 22.
(pdftex.def)             Requested size: 316.12341pt x 245.1038pt.
) (./teil_1/projektmanagementmethode.tex

[13 <./ressourcen/placeholder.png>]

[14]
Kapitel 5.


[15

]) (./teil_1/zeitplan.tex

[16]
Kapitel 6.
File: ressourcen/placeholder.png Graphic file (type png)
<use ressourcen/placeholder.png>
Package pdftex.def Info: ressourcen/placeholder.png  used on input line 6.
(pdftex.def)             Requested size: 316.12341pt x 245.1038pt.
) (./teil_1/arbeitsprotokoll.tex

[17

]
Kapitel 7.

Underfull \hbox (badness 10000) in paragraph at lines 14--14
[]|\T1/cmr/bx/n/10.95 Vergleich mit
 []


Underfull \hbox (badness 10000) in paragraph at lines 16--16
[]|\T1/cmr/bx/n/10.95 Erfolge und
 []


Overfull \hbox (23.99998pt too wide) in alignment at lines 4--24
 [] [] 
 []



[18

]
Underfull \hbox (badness 10000) in paragraph at lines 37--37
[]|\T1/cmr/bx/n/10.95 Vergleich mit
 []


Underfull \hbox (badness 10000) in paragraph at lines 39--39
[]|\T1/cmr/bx/n/10.95 Erfolge und
 []


Overfull \hbox (23.99998pt too wide) in alignment at lines 27--47
 [] [] 
 []



[19]
Underfull \hbox (badness 10000) in paragraph at lines 60--60
[]|\T1/cmr/bx/n/10.95 Vergleich mit
 []


Underfull \hbox (badness 10000) in paragraph at lines 62--62
[]|\T1/cmr/bx/n/10.95 Erfolge und
 []


Overfull \hbox (23.99998pt too wide) in alignment at lines 50--70
 [] [] 
 []



[20]
Underfull \hbox (badness 10000) in paragraph at lines 83--83
[]|\T1/cmr/bx/n/10.95 Vergleich mit
 []


Underfull \hbox (badness 10000) in paragraph at lines 85--85
[]|\T1/cmr/bx/n/10.95 Erfolge und
 []


Overfull \hbox (23.99998pt too wide) in alignment at lines 73--93
 [] [] 
 []



[21]
Underfull \hbox (badness 10000) in paragraph at lines 106--106
[]|\T1/cmr/bx/n/10.95 Vergleich mit
 []


Underfull \hbox (badness 10000) in paragraph at lines 108--108
[]|\T1/cmr/bx/n/10.95 Erfolge und
 []


Overfull \hbox (23.99998pt too wide) in alignment at lines 96--116
 [] [] 
 []



[22]
Underfull \hbox (badness 10000) in paragraph at lines 129--129
[]|\T1/cmr/bx/n/10.95 Vergleich mit
 []


Underfull \hbox (badness 10000) in paragraph at lines 131--131
[]|\T1/cmr/bx/n/10.95 Erfolge und
 []


Overfull \hbox (23.99998pt too wide) in alignment at lines 119--139
 [] [] 
 []



[23]
Underfull \hbox (badness 10000) in paragraph at lines 152--152
[]|\T1/cmr/bx/n/10.95 Vergleich mit
 []


Underfull \hbox (badness 10000) in paragraph at lines 154--154
[]|\T1/cmr/bx/n/10.95 Erfolge und
 []


Overfull \hbox (23.99998pt too wide) in alignment at lines 142--162
 [] [] 
 []



[24]
Underfull \hbox (badness 10000) in paragraph at lines 175--175
[]|\T1/cmr/bx/n/10.95 Vergleich mit
 []


Underfull \hbox (badness 10000) in paragraph at lines 177--177
[]|\T1/cmr/bx/n/10.95 Erfolge und
 []


Overfull \hbox (23.99998pt too wide) in alignment at lines 165--185
 [] [] 
 []



[25]
Underfull \hbox (badness 10000) in paragraph at lines 198--198
[]|\T1/cmr/bx/n/10.95 Vergleich mit
 []


Underfull \hbox (badness 10000) in paragraph at lines 200--200
[]|\T1/cmr/bx/n/10.95 Erfolge und
 []


Overfull \hbox (23.99998pt too wide) in alignment at lines 188--208
 [] [] 
 []



[26]
Underfull \hbox (badness 10000) in paragraph at lines 221--221
[]|\T1/cmr/bx/n/10.95 Vergleich mit
 []


Underfull \hbox (badness 10000) in paragraph at lines 223--223
[]|\T1/cmr/bx/n/10.95 Erfolge und
 []


Overfull \hbox (23.99998pt too wide) in alignment at lines 211--231
 [] [] 
 []



[27]
Underfull \hbox (badness 10000) in paragraph at lines 244--244
[]|\T1/cmr/bx/n/10.95 Vergleich mit
 []


Underfull \hbox (badness 10000) in paragraph at lines 246--246
[]|\T1/cmr/bx/n/10.95 Erfolge und
 []


Overfull \hbox (23.99998pt too wide) in alignment at lines 234--254
 [] [] 
 []



[28]) (./teil_2/projekt.tex

[29

]) (./teil_2/kurzfassung.tex
Kapitel 8.


[30

]) (./teil_2/informieren.tex
Kapitel 9.


[31

]
<ressourcen/Sequenzdiagramm.png, id=886, 522.95375pt x 323.2075pt>
File: ressourcen/Sequenzdiagramm.png Graphic file (type png)
<use ressourcen/Sequenzdiagramm.png>
Package pdftex.def Info: ressourcen/Sequenzdiagramm.png  used on input line 27.

(pdftex.def)             Requested size: 316.12341pt x 195.38086pt.


[32 <./ressourcen/Sequenzdiagramm.png>]
Underfull \hbox (badness 10000) in paragraph at lines 51--52

 []


Underfull \hbox (badness 10000) in paragraph at lines 61--61
[]\T1/cmr/m/n/10.95 Die ta-bel-la-ri-sche Dar-stel-lung von MQ_TABLE bein-hal-
 []


Underfull \hbox (badness 10000) in paragraph at lines 61--61
\T1/cmr/m/n/10.95 tet vol-gen-de Spal-ten: MO-DI-FIED_AT, MQ_QUEUE_ID,
 []


Underfull \hbox (badness 6063) in paragraph at lines 61--61
\T1/cmr/m/n/10.95 JOB_KEY, MES-SA-GE_SHORT / _LONG, MQ_IN_STATUS,
 []


Underfull \hbox (badness 10000) in paragraph at lines 64--64
[]\T1/cmr/m/n/10.95 Der MQ_IN_STATUS wird in tex-tu-el-le Sta-ti, ge-mä-ss
 []


Overfull \hbox (55.63855pt too wide) in paragraph at lines 55--70
[] 
 []


Underfull \hbox (badness 10000) in paragraph at lines 55--70

 []



[33]
Underfull \hbox (badness 10000) in paragraph at lines 71--72

 []


Underfull \hbox (badness 1681) in paragraph at lines 76--76
[]\T1/cmr/m/n/10.95 Die Sei-te ist stim-mig ins UI ein-ge-baut, be-reits exis-t
ie-ren-de UI-
 []


Overfull \hbox (55.63855pt too wide) in paragraph at lines 73--79
[] 
 []


Underfull \hbox (badness 10000) in paragraph at lines 81--82

 []


Underfull \hbox (badness 10000) in paragraph at lines 83--84

 []


Overfull \hbox (55.63855pt too wide) in paragraph at lines 85--92
[] 
 []


Underfull \hbox (badness 10000) in paragraph at lines 85--92

 []



[34{c:/texlive/2024/texmf-dist/fonts/enc/dvips/cm-super/cm-super-ts1.enc}]
Underfull \hbox (badness 10000) in paragraph at lines 93--94

 []


Overfull \hbox (55.63855pt too wide) in paragraph at lines 95--101
[] 
 []


Underfull \hbox (badness 10000) in paragraph at lines 103--104

 []


Underfull \hbox (badness 10000) in paragraph at lines 105--106

 []


Overfull \hbox (55.63855pt too wide) in paragraph at lines 107--118
[] 
 []


Underfull \hbox (badness 10000) in paragraph at lines 107--118

 []



[35]
Underfull \hbox (badness 10000) in paragraph at lines 120--121

 []


Overfull \hbox (55.63855pt too wide) in paragraph at lines 122--127
[] 
 []



[36]) (./teil_2/planen.tex
Kapitel 10.


[37

]
\openout2 = `teil_2/arbeitspakete.aux'.

 (./teil_2/arbeitspakete.tex
Overfull \hbox (4.24113pt too wide) in alignment at lines 4--14
 [] [] 
 []


Overfull \hbox (4.24113pt too wide) in alignment at lines 16--26
 [] [] 
 []


Overfull \hbox (4.24113pt too wide) in alignment at lines 31--41
 [] [] 
 []


Overfull \hbox (4.24113pt too wide) in alignment at lines 43--53
 [] [] 
 []


Overfull \hbox (4.24113pt too wide) in alignment at lines 55--65
 [] [] 
 []

[38

]
Overfull \hbox (4.24113pt too wide) in alignment at lines 67--77
 [] [] 
 []


Overfull \hbox (4.24113pt too wide) in alignment at lines 79--89
 [] [] 
 []


Overfull \hbox (4.24113pt too wide) in alignment at lines 91--101
 [] [] 
 []


Overfull \hbox (4.24113pt too wide) in alignment at lines 106--116
 [] [] 
 []


Overfull \hbox (4.24113pt too wide) in alignment at lines 121--131
 [] [] 
 []



[39]
Overfull \hbox (4.24113pt too wide) in alignment at lines 133--143
 [] [] 
 []


Overfull \hbox (4.24113pt too wide) in alignment at lines 145--155
 [] [] 
 []


Overfull \hbox (4.24113pt too wide) in alignment at lines 157--167
 [] [] 
 []


Overfull \hbox (4.24113pt too wide) in alignment at lines 169--179
 [] [] 
 []

[40]
Overfull \hbox (4.24113pt too wide) in alignment at lines 184--194
 [] [] 
 []


Overfull \hbox (4.24113pt too wide) in alignment at lines 196--206
 [] [] 
 []


Overfull \hbox (4.24113pt too wide) in alignment at lines 208--218
 [] [] 
 []


Overfull \hbox (4.24113pt too wide) in alignment at lines 223--233
 [] [] 
 []

[41]
Overfull \hbox (4.24113pt too wide) in alignment at lines 235--245
 [] [] 
 []


Overfull \hbox (4.24113pt too wide) in alignment at lines 250--260
 [] [] 
 []


Overfull \hbox (4.24113pt too wide) in alignment at lines 262--272
 [] [] 
 []


Overfull \hbox (4.24113pt too wide) in alignment at lines 274--284
 [] [] 
 []

[42]
Overfull \hbox (4.24113pt too wide) in alignment at lines 286--296
 [] [] 
 []


Overfull \hbox (4.24113pt too wide) in alignment at lines 298--308
 [] [] 
 []



[43])
<ressourcen/Klassendiagramm-Backend.jpg, id=968, 688.5725pt x 259.97125pt>
File: ressourcen/Klassendiagramm-Backend.jpg Graphic file (type jpg)
<use ressourcen/Klassendiagramm-Backend.jpg>
Package pdftex.def Info: ressourcen/Klassendiagramm-Backend.jpg  used on input 
line 26.
(pdftex.def)             Requested size: 316.12341pt x 119.3502pt.


[44


]

[45 <./ressourcen/Klassendiagramm-Backend.jpg>]

[46]

[47]
Underfull \hbox (badness 10000) in paragraph at lines 93--94

 []

<ressourcen/Sequenzdiagramm-Erweiterung.jpg, id=989, 804.00375pt x 302.12875pt>

File: ressourcen/Sequenzdiagramm-Erweiterung.jpg Graphic file (type jpg)
<use ressourcen/Sequenzdiagramm-Erweiterung.jpg>
Package pdftex.def Info: ressourcen/Sequenzdiagramm-Erweiterung.jpg  used on in
put line 105.
(pdftex.def)             Requested size: 395.15277pt x 148.48694pt.


[48]

[49 <./ressourcen/Sequenzdiagramm-Erweiterung.jpg>]

[50]
\openout2 = `teil_2/testkonzepte.aux'.

 (./teil_2/testkonzepte.tex
Overfull \hbox (4.24113pt too wide) in alignment at lines 6--30
 [] [] 
 []


Overfull \hbox (4.24113pt too wide) in alignment at lines 32--55
 [] [] 
 []

[51

]
Overfull \hbox (4.24113pt too wide) in alignment at lines 57--80
 [] [] 
 []


Overfull \hbox (4.24113pt too wide) in alignment at lines 82--105
 [] [] 
 []


Overfull \hbox (4.24113pt too wide) in alignment at lines 110--135
 [] [] 
 []



[52]
Overfull \hbox (4.24113pt too wide) in alignment at lines 137--162
 [] [] 
 []

[53]
Overfull \hbox (4.24113pt too wide) in alignment at lines 164--187
 [] [] 
 []



[54])) (./teil_2/entscheiden.tex
Kapitel 11.


[55



]
Overfull \hbox (13.22461pt too wide) in paragraph at lines 26--27
[] []\T1/cmr/bx/n/10.95 Da-ten-bank-be-las-tung[] \T1/cmr/m/n/10.95 Bei vie-len
 kom-ple-xen Fil-te-r-ope-ra-tio-nen oder Ab-fra-gen gleich-
 []



[56]) (./teil_2/realisieren.tex
Kapitel 12.

Underfull \hbox (badness 10000) in paragraph at lines 14--15

 []



[57

]
Overfull \hbox (6.59157pt too wide) in paragraph at lines 24--24
[] \T1/cmtt/m/n/10.95 public List<MqInDto> listToMqInDto(List<MqTablePC> listOf
MqTablePCs) {[] 
 []



[58]

[59]
Underfull \hbox (badness 10000) in paragraph at lines 74--75

 []

<ressourcen/4.2_Tabelle.png, id=1103, 1569.61406pt x 575.90157pt>
File: ressourcen/4.2_Tabelle.png Graphic file (type png)
<use ressourcen/4.2_Tabelle.png>
Package pdftex.def Info: ressourcen/4.2_Tabelle.png  used on input line 91.
(pdftex.def)             Requested size: 395.15277pt x 144.9856pt.


[60]
<ressourcen/Kurze-Nachricht.png, id=1112, 1312.15219pt x 170.88844pt>
File: ressourcen/Kurze-Nachricht.png Graphic file (type png)
<use ressourcen/Kurze-Nachricht.png>
Package pdftex.def Info: ressourcen/Kurze-Nachricht.png  used on input line 102
.
(pdftex.def)             Requested size: 395.15277pt x 51.46248pt.
<ressourcen/Ganze-Nachricht.png, id=1113, 1369.36594pt x 155.83218pt>
File: ressourcen/Ganze-Nachricht.png Graphic file (type png)
<use ressourcen/Ganze-Nachricht.png>
Package pdftex.def Info: ressourcen/Ganze-Nachricht.png  used on input line 110
.
(pdftex.def)             Requested size: 395.15277pt x 44.96666pt.


[61 <./ressourcen/4.2_Tabelle.png> <./ressourcen/Kurze-Nachricht.png> <./ressou
rcen/Ganze-Nachricht.png>]
Overfull \hbox (187.65944pt too wide) in paragraph at lines 126--126
[]    \T1/cmtt/m/n/10.95 throw new ApiHttpErrorResponse('Die Verarbeitung der Q
ueue konnte nicht neu gestartet werden.', e);[] 
 []


Underfull \hbox (badness 10000) in paragraph at lines 135--136

 []



[62]
Overfull \hbox (51.85854pt too wide) in paragraph at lines 163--163
[] \T1/cmtt/m/n/10.95 public List<MqTablePC> getFilteredMqTablePCs(MqTableFilte
rQuery filterQuery) {[] 
 []


Overfull \hbox (23.56668pt too wide) in paragraph at lines 169--169
[]  \T1/cmtt/m/n/10.95 Optional.ofNullable(filterQuery.status()) // Einfügen de
r Filters status[] 
 []


Overfull \hbox (91.46713pt too wide) in paragraph at lines 174--174
[]  \T1/cmtt/m/n/10.95 Optional.ofNullable(filterQuery.messageQuery()) // Einfü
gen der Filters messageQuery[] 
 []


Overfull \hbox (142.39247pt too wide) in paragraph at lines 176--176
[]   \T1/cmtt/m/n/10.95 String searchTerm = "%" + filterQuery.messageQuery().to
LowerCase(Locale.getDefault()) + "%";[] 
 []


Overfull \hbox (63.17528pt too wide) in paragraph at lines 179--179
[]   \T1/cmtt/m/n/10.95 cb.like(cb.lower(mqTable.get(FN_MESSAGE_SHORT).as(Strin
g.class)), searchTerm),[] 
 []



[63]
Overfull \hbox (51.85854pt too wide) in paragraph at lines 180--180
[]   \T1/cmtt/m/n/10.95 cb.like(cb.lower(mqTable.get(FN_MESSAGE_LONG).as(String
.class)), searchTerm)[] 
 []


Overfull \hbox (102.78387pt too wide) in paragraph at lines 185--185
[]  \T1/cmtt/m/n/10.95 Optional.ofNullable(filterQuery.timestampFrom()) // Einf
ügen der Filters timestampFrom[] 
 []


Overfull \hbox (85.80876pt too wide) in paragraph at lines 187--187
[]  \T1/cmtt/m/n/10.95 predicates.add(cb.greaterThanOrEqualTo(mqTable.get(FN_MO
DIFIED_AT), timestampFrom))[] 
 []


Overfull \hbox (80.15039pt too wide) in paragraph at lines 190--190
[]  \T1/cmtt/m/n/10.95 Optional.ofNullable(filterQuery.timestampTo()) // Einfüg
en der Filters timestampTo[] 
 []


Overfull \hbox (57.5169pt too wide) in paragraph at lines 192--192
[]  \T1/cmtt/m/n/10.95 predicates.add(cb.lessThanOrEqualTo(mqTable.get(FN_MODIF
IED_AT), timestampTo))[] 
 []



[64]
Overfull \hbox (40.5418pt too wide) in paragraph at lines 227--227
[] \T1/cmtt/m/n/10.95 export type MqInFilterUrlState = Partial<Record<MqInFilte
rUrlKeys, string>>;[] 
 []


Overfull \hbox (102.78387pt too wide) in paragraph at lines 229--229
[] \T1/cmtt/m/n/10.95 export function getMqInFilterUrlStateFromParams(params: P
aramMap): MqInFilterUrlState {[] 
 []


Overfull \hbox (85.80876pt too wide) in paragraph at lines 231--231
[]  \T1/cmtt/m/n/10.95 .reduce((state, urlParam) => ({ ...state, [urlParam]: pa
rams.get(urlParam) }), {});[] 
 []

<ressourcen/Filterung.png, id=1137, 1567.35562pt x 444.15938pt>
File: ressourcen/Filterung.png Graphic file (type png)
<use ressourcen/Filterung.png>
Package pdftex.def Info: ressourcen/Filterung.png  used on input line 249.
(pdftex.def)             Requested size: 395.15277pt x 111.97484pt.


[65]
Overfull \hbox (40.5418pt too wide) in paragraph at lines 262--262
[] \T1/cmtt/m/n/10.95 * CARDXDEV-2268 Neue Seite unter Business Daten > Queue M
essages (eingehend)[] 
 []



[66 <./ressourcen/Filterung.png>]) (./teil_2/kontrollieren.tex
Kapitel 13.

Overfull \hbox (6.59157pt too wide) in paragraph at lines 14--14
[] \T1/cmtt/m/n/10.95 MqInDto[] mqInDtos = WebClient.create("http://localhost:"
 + getPort())[] 
 []



[67

]
Overfull \hbox (29.22505pt too wide) in paragraph at lines 36--36
[] \T1/cmtt/m/n/10.95 Long idOfMqIn = Arrays.stream(mqInsBevorUpdate).findFirst
().get().getId();[] 
 []


Overfull \hbox (40.5418pt too wide) in paragraph at lines 65--65
[]  \T1/cmtt/m/n/10.95 filter.setTimestampTo(LocalDateTime.of(2024, 11, 20, 23,
 0, 0).toString());[] 
 []



[68]
Overfull \hbox (34.88342pt too wide) in paragraph at lines 95--95
[]  \T1/cmtt/m/n/10.95 List<MqTablePC> mqTablePCs = MqInMocks.createEveryStatus
TypeOfMqTablePC();[] 
 []



[69]
Overfull \hbox (210.29292pt too wide) in paragraph at lines 103--103
[]   \T1/cmtt/m/n/10.95 MqInDto mqInDto = mqInDtos.stream().filter(mqIn -> mqIn
.getId() == mqTablePC.getId()).findFirst().get();[] 
 []


Overfull \hbox (0.9332pt too wide) in paragraph at lines 106--106
[]   \T1/cmtt/m/n/10.95 assertThat(mqInDto.getMessage()).isEqualTo(mqTablePC.ge
tMessage());[] 
 []


Overfull \hbox (34.88342pt too wide) in paragraph at lines 108--108
[]   \T1/cmtt/m/n/10.95 assertThat(mqInDto.getModifiedAt()).isEqualTo(mqTablePC
.getModifiedAt());[] 
 []


Overfull \hbox (23.56668pt too wide) in paragraph at lines 109--109
[]   \T1/cmtt/m/n/10.95 assertThat(mqInDto.getMqQueueId()).isEqualTo(mqTablePC.
getMqQueueId());[] 
 []


Overfull \hbox (57.5169pt too wide) in paragraph at lines 110--110
[]   \T1/cmtt/m/n/10.95 assertThat(mqInDto.getProcessedCnt()).isEqualTo(mqTable
PC.getProcessedCnt());[] 
 []


Overfull \hbox (102.78387pt too wide) in paragraph at lines 111--111
[]   \T1/cmtt/m/n/10.95 assertThat(mqInDto.getMqInStatusString()).isEqualTo(mqT
ablePC.getMqInStatusString());[] 
 []


Overfull \hbox (34.88342pt too wide) in paragraph at lines 112--112
[]   \T1/cmtt/m/n/10.95 assertThat(mqInDto.getMqInStatus()).isEqualTo(mqTablePC
.getMqInStatus());[] 
 []


Overfull \hbox (57.5169pt too wide) in paragraph at lines 127--127
[]  \T1/cmtt/m/n/10.95 MqTableDao.MqTableFilterQuery result = mapper.toMqTableF
ilterQuery(filterDto);[] 
 []


Overfull \hbox (261.21826pt too wide) in paragraph at lines 133--133
[]  \T1/cmtt/m/n/10.95 assertThat(result.timestampFrom()).isEqualTo(OffsetDateT
ime.of(2024, 11, 20, 10, 0, 0, 0, ZoneOffset.ofHours(1)));[] 
 []


Overfull \hbox (249.90152pt too wide) in paragraph at lines 134--134
[]  \T1/cmtt/m/n/10.95 assertThat(result.timestampTo()).isEqualTo(OffsetDateTim
e.of(2024, 11, 20, 20, 0, 0, 0, ZoneOffset.ofHours(1)));[] 
 []

<ressourcen/Build-verlauf.png, id=1164, 412.54124pt x 883.80188pt>
File: ressourcen/Build-verlauf.png Graphic file (type png)
<use ressourcen/Build-verlauf.png>
Package pdftex.def Info: ressourcen/Build-verlauf.png  used on input line 145.
(pdftex.def)             Requested size: 237.09407pt x 507.93939pt.


[70]

[71 <./ressourcen/Build-verlauf.png>]
Underfull \hbox (badness 10000) in paragraph at lines 155--156

 []



[72]) (./teil_2/auswerten.tex
Kapitel 14.


[73

]) (./global/glossar.tex (./main.gls)) (./global/abbildungsverzeichnis.tex
(./main.lof)
\tf@lof=\write8
\openout8 = `main.lof'.

) (./global/quellenverzeichnis.tex

[74


]

Package biblatex Warning: No driver for 'url'.
(biblatex)                Using fallback driver on input line 1.

)

[75

] 
enddocument/afterlastpage: lastpage setting LastPage.
(./main.aux (./teil_2/arbeitspakete.aux) (./teil_2/testkonzepte.aux))
 ***********
LaTeX2e <2024-06-01> patch level 2
L3 programming layer <2024-07-20>
 ***********
Package rerunfilecheck Info: File `main.out' has not changed.
(rerunfilecheck)             Checksum: 9B0D8679409CDF33C3D968BB4F8B9A56;20848.
Package logreq Info: Writing requests to 'main.run.xml'.
\openout1 = `main.run.xml'.

 ) 
Here is how much of TeX's memory you used:
 33484 strings out of 473579
 604917 string characters out of 5732264
 1952960 words of memory out of 5000000
 55544 multiletter control sequences out of 15000+600000
 579886 words of font info for 85 fonts, out of 8000000 for 9000
 1143 hyphenation exceptions out of 8191
 109i,12n,107p,2373b,2463s stack positions out of 10000i,1000n,20000p,200000b,200000s
<c:/texlive/2024/texmf-dist/fonts/type1/public/amsfonts/cm/cmsy10.pfb><c:/tex
live/2024/texmf-dist/fonts/type1/public/cm-super/sfbx1095.pfb><c:/texlive/2024/
texmf-dist/fonts/type1/public/cm-super/sfbx1200.pfb><c:/texlive/2024/texmf-dist
/fonts/type1/public/cm-super/sfbx1440.pfb><c:/texlive/2024/texmf-dist/fonts/typ
e1/public/cm-super/sfbx1728.pfb><c:/texlive/2024/texmf-dist/fonts/type1/public/
cm-super/sfbx2074.pfb><c:/texlive/2024/texmf-dist/fonts/type1/public/cm-super/s
fbx2488.pfb><c:/texlive/2024/texmf-dist/fonts/type1/public/cm-super/sfcc1095.pf
b><c:/texlive/2024/texmf-dist/fonts/type1/public/cm-super/sfrm0600.pfb><c:/texl
ive/2024/texmf-dist/fonts/type1/public/cm-super/sfrm0800.pfb><c:/texlive/2024/t
exmf-dist/fonts/type1/public/cm-super/sfrm0900.pfb><c:/texlive/2024/texmf-dist/
fonts/type1/public/cm-super/sfrm1000.pfb><c:/texlive/2024/texmf-dist/fonts/type
1/public/cm-super/sfrm1095.pfb><c:/texlive/2024/texmf-dist/fonts/type1/public/c
m-super/sfrm1200.pfb><c:/texlive/2024/texmf-dist/fonts/type1/public/cm-super/sf
rm1440.pfb><c:/texlive/2024/texmf-dist/fonts/type1/public/cm-super/sfti1095.pfb
><c:/texlive/2024/texmf-dist/fonts/type1/public/cm-super/sftt0900.pfb><c:/texli
ve/2024/texmf-dist/fonts/type1/public/cm-super/sftt1095.pfb>
Output written on main.pdf (76 pages, 1010043 bytes).
PDF statistics:
 1379 PDF objects out of 1440 (max. 8388607)
 1230 compressed objects within 13 object streams
 312 named destinations out of 1000 (max. 500000)
 1101 words of extra memory for PDF output out of 10000 (max. 10000000)

